#
# There is insufficient memory for the Java Runtime Environment to continue.
# Native memory allocation (malloc) failed to allocate 1906656 bytes for Chunk::new
# Possible reasons:
#   The system is out of physical RAM or swap space
#   In 32 bit mode, the process size limit was hit
# Possible solutions:
#   Reduce memory load on the system
#   Increase physical memory or swap space
#   Check if swap backing store is full
#   Use 64 bit Java on a 64 bit OS
#   Decrease Java heap size (-Xmx/-Xms)
#   Decrease number of Java threads
#   Decrease Java thread stack sizes (-Xss)
#   Set larger code cache with -XX:ReservedCodeCacheSize=
# This output file may be truncated or incomplete.
#
#  Out of Memory Error (allocation.cpp:390), pid=18324, tid=13248
#
# JRE version: Java(TM) SE Runtime Environment (8.0_45-b14) (build 1.8.0_45-b14)
# Java VM: Java HotSpot(TM) 64-Bit Server VM (25.45-b02 mixed mode windows-amd64 compressed oops)
# Failed to write core dump. Minidumps are not enabled by default on client versions of Windows
#

---------------  T H R E A D  ---------------

Current thread (0x0000000017e3d000):  JavaThread "C2 CompilerThread1" daemon [_thread_in_native, id=13248, stack(0x00000000184b0000,0x00000000185b0000)]

Stack: [0x00000000184b0000,0x00000000185b0000]
Native frames: (J=compiled Java code, j=interpreted, Vv=VM code, C=native code)
V  [jvm.dll+0x32b57a]
V  [jvm.dll+0x279873]
V  [jvm.dll+0x27a509]
V  [jvm.dll+0x271825]
V  [jvm.dll+0xcb9e2]
V  [jvm.dll+0xcbeac]
V  [jvm.dll+0x476ef2]
V  [jvm.dll+0x4b955f]
V  [jvm.dll+0x46bc14]
V  [jvm.dll+0x46ccbe]
V  [jvm.dll+0x4500f2]
V  [jvm.dll+0xa4352]
V  [jvm.dll+0xa4c8f]
V  [jvm.dll+0x241984]
V  [jvm.dll+0x29853a]
C  [MSVCR100.dll+0x21d9f]
C  [MSVCR100.dll+0x21e3b]
C  [KERNEL32.DLL+0x13034]
C  [ntdll.dll+0x73691]


Current CompileTask:
C2:   4331 4203   !   4       org.apache.tools.ant.AntTypeDefinition::getTypeClass (90 bytes)


---------------  P R O C E S S  ---------------

Java Threads: ( => current thread )
  0x000000001b4e3800 JavaThread "Thread-11" daemon [_thread_in_native, id=13880, stack(0x0000000020460000,0x0000000020560000)]
  0x000000001b4df800 JavaThread "Thread-10" daemon [_thread_in_native, id=19116, stack(0x0000000020360000,0x0000000020460000)]
  0x00000000195f3000 JavaThread "Thread-9" daemon [_thread_in_vm, id=13932, stack(0x0000000020260000,0x0000000020360000)]
  0x00000000195f6000 JavaThread "Thread-8" daemon [_thread_blocked, id=6504, stack(0x000000001c340000,0x000000001c440000)]
  0x00000000195f5800 JavaThread "Thread-7" daemon [_thread_blocked, id=10552, stack(0x000000001c0c0000,0x000000001c1c0000)]
  0x00000000195f2800 JavaThread "Thread-6" daemon [_thread_blocked, id=8068, stack(0x000000001bfc0000,0x000000001c0c0000)]
  0x00000000195f1800 JavaThread "Thread-5" daemon [_thread_blocked, id=6060, stack(0x000000001aef0000,0x000000001aff0000)]
  0x00000000195f7800 JavaThread "Thread-4" daemon [_thread_blocked, id=9252, stack(0x000000001ac70000,0x000000001ad70000)]
  0x0000000019c95800 JavaThread "Thread-3" daemon [_thread_blocked, id=10736, stack(0x000000001ab70000,0x000000001ac70000)]
  0x00000000195ff800 JavaThread "Thread-2" daemon [_thread_blocked, id=9660, stack(0x000000001aa70000,0x000000001ab70000)]
  0x00000000194b3000 JavaThread "Thread-1" daemon [_thread_blocked, id=8088, stack(0x000000001a570000,0x000000001a670000)]
  0x0000000017edd000 JavaThread "Service Thread" daemon [_thread_blocked, id=16324, stack(0x00000000187b0000,0x00000000188b0000)]
  0x0000000017e4e800 JavaThread "C1 CompilerThread3" daemon [_thread_blocked, id=18488, stack(0x00000000186b0000,0x00000000187b0000)]
  0x0000000017e3f000 JavaThread "C2 CompilerThread2" daemon [_thread_in_native, id=1180, stack(0x00000000185b0000,0x00000000186b0000)]
=>0x0000000017e3d000 JavaThread "C2 CompilerThread1" daemon [_thread_in_native, id=13248, stack(0x00000000184b0000,0x00000000185b0000)]
  0x0000000017dea800 JavaThread "C2 CompilerThread0" daemon [_thread_in_native, id=18212, stack(0x00000000183b0000,0x00000000184b0000)]
  0x0000000017dea000 JavaThread "Attach Listener" daemon [_thread_blocked, id=5552, stack(0x00000000182b0000,0x00000000183b0000)]
  0x0000000017e37000 JavaThread "Signal Dispatcher" daemon [_thread_blocked, id=13616, stack(0x00000000181b0000,0x00000000182b0000)]
  0x000000000325b800 JavaThread "Finalizer" daemon [_thread_blocked, id=14860, stack(0x0000000017cb0000,0x0000000017db0000)]
  0x0000000015dcd000 JavaThread "Reference Handler" daemon [_thread_blocked, id=7460, stack(0x0000000017bb0000,0x0000000017cb0000)]
  0x00000000032ae800 JavaThread "main" [_thread_blocked, id=2980, stack(0x0000000000e00000,0x0000000000f00000)]

Other Threads:
  0x0000000015dc9000 VMThread [stack: 0x0000000017ab0000,0x0000000017bb0000] [id=17216]
  0x0000000017ee6000 WatcherThread [stack: 0x00000000188b0000,0x00000000189b0000] [id=12256]

VM state:not at safepoint (normal execution)

VM Mutex/Monitor currently owned by a thread: None

Heap:
 PSYoungGen      total 148480K, used 46139K [0x00000000eab00000, 0x00000000fdb00000, 0x0000000100000000)
  eden space 130048K, 35% used [0x00000000eab00000,0x00000000ed80eec8,0x00000000f2a00000)
  from space 18432K, 0% used [0x00000000f2a00000,0x00000000f2a00000,0x00000000f3c00000)
  to   space 25600K, 0% used [0x00000000fc200000,0x00000000fc200000,0x00000000fdb00000)
 ParOldGen       total 102400K, used 39752K [0x00000000c0000000, 0x00000000c6400000, 0x00000000eab00000)
  object space 102400K, 38% used [0x00000000c0000000,0x00000000c26d23e8,0x00000000c6400000)
 Metaspace       used 25543K, capacity 26571K, committed 26624K, reserved 1073152K
  class space    used 3116K, capacity 3547K, committed 3584K, reserved 1048576K

Card table byte_map: [0x0000000012670000,0x0000000012880000] byte_map_base: 0x0000000012070000

Marking Bits: (ParMarkBitMap*) 0x0000000077104040
 Begin Bits: [0x00000000131e0000, 0x00000000141e0000)
 End Bits:   [0x00000000141e0000, 0x00000000151e0000)

Polling page: 0x0000000002dd0000

CodeCache: size=245760Kb used=15506Kb max_used=15738Kb free=230253Kb
 bounds [0x00000000032b0000, 0x0000000004220000, 0x00000000122b0000]
 total_blobs=4661 nmethods=4193 adapters=380
 compilation: enabled

Compilation events (10 events):
Event: 4.270 Thread 0x0000000017e4e800 4261       1       java.util.Formatter$FormatSpecifier::index (5 bytes)
Event: 4.270 Thread 0x0000000017e4e800 nmethod 4261 0x00000000035b0310 code [0x00000000035b0460, 0x00000000035b0570]
Event: 4.270 Thread 0x0000000017e4e800 4264       1       java.util.Formatter$FixedString::index (3 bytes)
Event: 4.270 Thread 0x0000000017e4e800 nmethod 4264 0x00000000035a1a50 code [0x00000000035a1ba0, 0x00000000035a1cb0]
Event: 4.282 Thread 0x0000000017e4e800 4267       3       java.util.regex.Matcher::start (22 bytes)
Event: 4.282 Thread 0x0000000017e4e800 nmethod 4267 0x0000000003497310 code [0x0000000003497480, 0x00000000034976e8]
Event: 4.283 Thread 0x0000000017e4e800 4268       3       java.lang.Integer::parseInt (261 bytes)
Event: 4.285 Thread 0x0000000017e4e800 nmethod 4268 0x00000000035dc850 code [0x00000000035dcc00, 0x00000000035dea28]
Event: 4.299 Thread 0x0000000017e4e800 4269       3       org.eclipse.jetty.http.HttpStatus::getCode (15 bytes)
Event: 4.300 Thread 0x0000000017e4e800 nmethod 4269 0x00000000033cd510 code [0x00000000033cd680, 0x00000000033cd830]

GC Heap History (10 events):
Event: 1.762 GC heap before
{Heap before GC invocations=4 (full 0):
 PSYoungGen      total 38400K, used 38382K [0x00000000eab00000, 0x00000000ef600000, 0x0000000100000000)
  eden space 33280K, 100% used [0x00000000eab00000,0x00000000ecb80000,0x00000000ecb80000)
  from space 5120K, 99% used [0x00000000ecb80000,0x00000000ed07baf0,0x00000000ed080000)
  to   space 5120K, 0% used [0x00000000ef100000,0x00000000ef100000,0x00000000ef600000)
 ParOldGen       total 87552K, used 11248K [0x00000000c0000000, 0x00000000c5580000, 0x00000000eab00000)
  object space 87552K, 12% used [0x00000000c0000000,0x00000000c0afc2f8,0x00000000c5580000)
 Metaspace       used 15629K, capacity 15896K, committed 16000K, reserved 1062912K
  class space    used 1800K, capacity 1862K, committed 1920K, reserved 1048576K
Event: 1.772 GC heap after
Heap after GC invocations=4 (full 0):
 PSYoungGen      total 71680K, used 5101K [0x00000000eab00000, 0x00000000ef600000, 0x0000000100000000)
  eden space 66560K, 0% used [0x00000000eab00000,0x00000000eab00000,0x00000000eec00000)
  from space 5120K, 99% used [0x00000000ef100000,0x00000000ef5fb490,0x00000000ef600000)
  to   space 5120K, 0% used [0x00000000eec00000,0x00000000eec00000,0x00000000ef100000)
 ParOldGen       total 87552K, used 16828K [0x00000000c0000000, 0x00000000c5580000, 0x00000000eab00000)
  object space 87552K, 19% used [0x00000000c0000000,0x00000000c106f338,0x00000000c5580000)
 Metaspace       used 15629K, capacity 15896K, committed 16000K, reserved 1062912K
  class space    used 1800K, capacity 1862K, committed 1920K, reserved 1048576K
}
Event: 2.215 GC heap before
{Heap before GC invocations=5 (full 0):
 PSYoungGen      total 71680K, used 71661K [0x00000000eab00000, 0x00000000ef600000, 0x0000000100000000)
  eden space 66560K, 100% used [0x00000000eab00000,0x00000000eec00000,0x00000000eec00000)
  from space 5120K, 99% used [0x00000000ef100000,0x00000000ef5fb490,0x00000000ef600000)
  to   space 5120K, 0% used [0x00000000eec00000,0x00000000eec00000,0x00000000ef100000)
 ParOldGen       total 87552K, used 16828K [0x00000000c0000000, 0x00000000c5580000, 0x00000000eab00000)
  object space 87552K, 19% used [0x00000000c0000000,0x00000000c106f338,0x00000000c5580000)
 Metaspace       used 15946K, capacity 16188K, committed 16256K, reserved 1062912K
  class space    used 1803K, capacity 1868K, committed 1920K, reserved 1048576K
Event: 2.227 GC heap after
Heap after GC invocations=5 (full 0):
 PSYoungGen      total 71680K, used 5102K [0x00000000eab00000, 0x00000000f4b00000, 0x0000000100000000)
  eden space 66560K, 0% used [0x00000000eab00000,0x00000000eab00000,0x00000000eec00000)
  from space 5120K, 99% used [0x00000000eec00000,0x00000000ef0fba60,0x00000000ef100000)
  to   space 15360K, 0% used [0x00000000f3c00000,0x00000000f3c00000,0x00000000f4b00000)
 ParOldGen       total 87552K, used 25956K [0x00000000c0000000, 0x00000000c5580000, 0x00000000eab00000)
  object space 87552K, 29% used [0x00000000c0000000,0x00000000c19590d8,0x00000000c5580000)
 Metaspace       used 15946K, capacity 16188K, committed 16256K, reserved 1062912K
  class space    used 1803K, capacity 1868K, committed 1920K, reserved 1048576K
}
Event: 2.600 GC heap before
{Heap before GC invocations=6 (full 0):
 PSYoungGen      total 71680K, used 71662K [0x00000000eab00000, 0x00000000f4b00000, 0x0000000100000000)
  eden space 66560K, 100% used [0x00000000eab00000,0x00000000eec00000,0x00000000eec00000)
  from space 5120K, 99% used [0x00000000eec00000,0x00000000ef0fba60,0x00000000ef100000)
  to   space 15360K, 0% used [0x00000000f3c00000,0x00000000f3c00000,0x00000000f4b00000)
 ParOldGen       total 87552K, used 25956K [0x00000000c0000000, 0x00000000c5580000, 0x00000000eab00000)
  object space 87552K, 29% used [0x00000000c0000000,0x00000000c19590d8,0x00000000c5580000)
 Metaspace       used 16089K, capacity 16388K, committed 16512K, reserved 1064960K
  class space    used 1811K, capacity 1880K, committed 1920K, reserved 1048576K
Event: 2.615 GC heap after
Heap after GC invocations=6 (full 0):
 PSYoungGen      total 145408K, used 15349K [0x00000000eab00000, 0x00000000f5100000, 0x0000000100000000)
  eden space 130048K, 0% used [0x00000000eab00000,0x00000000eab00000,0x00000000f2a00000)
  from space 15360K, 99% used [0x00000000f3c00000,0x00000000f4afd7e0,0x00000000f4b00000)
  to   space 18432K, 0% used [0x00000000f2a00000,0x00000000f2a00000,0x00000000f3c00000)
 ParOldGen       total 87552K, used 28015K [0x00000000c0000000, 0x00000000c5580000, 0x00000000eab00000)
  object space 87552K, 31% used [0x00000000c0000000,0x00000000c1b5beb0,0x00000000c5580000)
 Metaspace       used 16089K, capacity 16388K, committed 16512K, reserved 1064960K
  class space    used 1811K, capacity 1880K, committed 1920K, reserved 1048576K
}
Event: 3.555 GC heap before
{Heap before GC invocations=7 (full 0):
 PSYoungGen      total 145408K, used 106324K [0x00000000eab00000, 0x00000000f5100000, 0x0000000100000000)
  eden space 130048K, 69% used [0x00000000eab00000,0x00000000f03d7b88,0x00000000f2a00000)
  from space 15360K, 99% used [0x00000000f3c00000,0x00000000f4afd7e0,0x00000000f4b00000)
  to   space 18432K, 0% used [0x00000000f2a00000,0x00000000f2a00000,0x00000000f3c00000)
 ParOldGen       total 87552K, used 28015K [0x00000000c0000000, 0x00000000c5580000, 0x00000000eab00000)
  object space 87552K, 31% used [0x00000000c0000000,0x00000000c1b5beb0,0x00000000c5580000)
 Metaspace       used 20640K, capacity 21229K, committed 21296K, reserved 1069056K
  class space    used 2418K, capacity 2688K, committed 2688K, reserved 1048576K
Event: 3.582 GC heap after
Heap after GC invocations=7 (full 0):
 PSYoungGen      total 148480K, used 18428K [0x00000000eab00000, 0x00000000fdb00000, 0x0000000100000000)
  eden space 130048K, 0% used [0x00000000eab00000,0x00000000eab00000,0x00000000f2a00000)
  from space 18432K, 99% used [0x00000000f2a00000,0x00000000f3bff270,0x00000000f3c00000)
  to   space 25600K, 0% used [0x00000000fc200000,0x00000000fc200000,0x00000000fdb00000)
 ParOldGen       total 87552K, used 37100K [0x00000000c0000000, 0x00000000c5580000, 0x00000000eab00000)
  object space 87552K, 42% used [0x00000000c0000000,0x00000000c243b318,0x00000000c5580000)
 Metaspace       used 20640K, capacity 21229K, committed 21296K, reserved 1069056K
  class space    used 2418K, capacity 2688K, committed 2688K, reserved 1048576K
}
Event: 3.582 GC heap before
{Heap before GC invocations=8 (full 1):
 PSYoungGen      total 148480K, used 18428K [0x00000000eab00000, 0x00000000fdb00000, 0x0000000100000000)
  eden space 130048K, 0% used [0x00000000eab00000,0x00000000eab00000,0x00000000f2a00000)
  from space 18432K, 99% used [0x00000000f2a00000,0x00000000f3bff270,0x00000000f3c00000)
  to   space 25600K, 0% used [0x00000000fc200000,0x00000000fc200000,0x00000000fdb00000)
 ParOldGen       total 87552K, used 37100K [0x00000000c0000000, 0x00000000c5580000, 0x00000000eab00000)
  object space 87552K, 42% used [0x00000000c0000000,0x00000000c243b318,0x00000000c5580000)
 Metaspace       used 20640K, capacity 21229K, committed 21296K, reserved 1069056K
  class space    used 2418K, capacity 2688K, committed 2688K, reserved 1048576K
Event: 3.698 GC heap after
Heap after GC invocations=8 (full 1):
 PSYoungGen      total 148480K, used 0K [0x00000000eab00000, 0x00000000fdb00000, 0x0000000100000000)
  eden space 130048K, 0% used [0x00000000eab00000,0x00000000eab00000,0x00000000f2a00000)
  from space 18432K, 0% used [0x00000000f2a00000,0x00000000f2a00000,0x00000000f3c00000)
  to   space 25600K, 0% used [0x00000000fc200000,0x00000000fc200000,0x00000000fdb00000)
 ParOldGen       total 102400K, used 39752K [0x00000000c0000000, 0x00000000c6400000, 0x00000000eab00000)
  object space 102400K, 38% used [0x00000000c0000000,0x00000000c26d23e8,0x00000000c6400000)
 Metaspace       used 20640K, capacity 21229K, committed 21296K, reserved 1069056K
  class space    used 2418K, capacity 2688K, committed 2688K, reserved 1048576K
}

Deoptimization events (10 events):
Event: 4.082 Thread 0x00000000032ae800 Uncommon trap: reason=bimorphic action=maybe_recompile pc=0x000000000411110c method=java.util.HashMap.putVal(ILjava/lang/Object;Ljava/lang/Object;ZZ)Ljava/lang/Object; @ 203
Event: 4.082 Thread 0x00000000032ae800 Uncommon trap: reason=bimorphic action=maybe_recompile pc=0x000000000411110c method=java.util.HashMap.putVal(ILjava/lang/Object;Ljava/lang/Object;ZZ)Ljava/lang/Object; @ 203
Event: 4.082 Thread 0x00000000032ae800 Uncommon trap: reason=bimorphic action=maybe_recompile pc=0x000000000411110c method=java.util.HashMap.putVal(ILjava/lang/Object;Ljava/lang/Object;ZZ)Ljava/lang/Object; @ 203
Event: 4.082 Thread 0x00000000032ae800 Uncommon trap: reason=unstable_if action=reinterpret pc=0x0000000003806d44 method=java.lang.reflect.Method.isDefault()Z @ 19
Event: 4.087 Thread 0x00000000032ae800 Uncommon trap: reason=unstable_if action=reinterpret pc=0x0000000003b0f750 method=org.mozilla.javascript.ScriptableObject.putImpl(Ljava/lang/String;ILorg/mozilla/javascript/Scriptable;Ljava/lang/Object;)Z @ 2
Event: 4.087 Thread 0x00000000032ae800 Uncommon trap: reason=unstable_if action=reinterpret pc=0x0000000003c62334 method=org.mozilla.javascript.ScriptableObject.put(Ljava/lang/String;Lorg/mozilla/javascript/Scriptable;Ljava/lang/Object;)V @ 8
Event: 4.177 Thread 0x00000000032ae800 Uncommon trap: reason=bimorphic action=maybe_recompile pc=0x00000000036a21cc method=java.lang.StringCoding$StringDecoder.charsetName()Ljava/lang/String; @ 17
Event: 4.192 Thread 0x00000000195f3000 Uncommon trap: reason=unstable_if action=reinterpret pc=0x00000000039a529c method=sun.util.calendar.BaseCalendar.getFixedDate(IIILsun/util/calendar/BaseCalendar$Date;)J @ 7
Event: 4.192 Thread 0x00000000195f3000 Uncommon trap: reason=unstable_if action=reinterpret pc=0x0000000003698480 method=sun.util.calendar.BaseCalendar.getCalendarDateFromFixedDate(Lsun/util/calendar/CalendarDate;J)V @ 198
Event: 4.192 Thread 0x00000000195f3000 Uncommon trap: reason=unstable_if action=reinterpret pc=0x0000000003e96860 method=java.net.URI.match(CJJ)Z @ 45

Internal exceptions (10 events):
Event: 2.996 Thread 0x00000000195f1800 Implicit null exception at 0x00000000037b72a2 to 0x00000000037b777d
Event: 2.996 Thread 0x00000000195f1800 Implicit null exception at 0x00000000034b3356 to 0x00000000034b3681
Event: 3.019 Thread 0x00000000194b3000 Exception <a 'java/lang/ClassNotFoundException': org/apache/tools/ant/helper/DefaultExecutor> (0x00000000eeaf6698) thrown at [C:\re\workspace\8-2-build-windows-amd64-cygwin\jdk8u45\3457\hotspot\src\share\vm\classfile\systemDictionary.cpp, line 210]
Event: 3.021 Thread 0x00000000032ae800 Exception <a 'java/lang/ClassNotFoundException': org/apache/tools/ant/helper/DefaultExecutor> (0x00000000eab35198) thrown at [C:\re\workspace\8-2-build-windows-amd64-cygwin\jdk8u45\3457\hotspot\src\share\vm\classfile\systemDictionary.cpp, line 210]
Event: 3.146 Thread 0x00000000032ae800 Implicit null exception at 0x0000000003de28b9 to 0x0000000003de2ac5
Event: 3.271 Thread 0x00000000032ae800 Exception <a 'java/lang/NoSuchFieldError': method resolution failed> (0x00000000ef792cc0) thrown at [C:\re\workspace\8-2-build-windows-amd64-cygwin\jdk8u45\3457\hotspot\src\share\vm\prims\methodHandles.cpp, line 1125]
Event: 3.273 Thread 0x00000000032ae800 Exception <a 'java/lang/NoSuchFieldError': method resolution failed> (0x00000000ef7a1c30) thrown at [C:\re\workspace\8-2-build-windows-amd64-cygwin\jdk8u45\3457\hotspot\src\share\vm\prims\methodHandles.cpp, line 1125]
Event: 4.055 Thread 0x00000000032ae800 Implicit null exception at 0x00000000037bd944 to 0x00000000037bdbfa
Event: 4.055 Thread 0x00000000032ae800 Implicit null exception at 0x0000000003937184 to 0x0000000003937658
Event: 4.055 Thread 0x00000000032ae800 Implicit null exception at 0x000000000377d0fd to 0x000000000377d2ca

Events (10 events):
Event: 4.300 loading class org/eclipse/jetty/util/thread/QueuedThreadPool
Event: 4.300 loading class org/eclipse/jetty/util/thread/QueuedThreadPool done
Event: 4.301 loading class org/eclipse/jetty/util/thread/ThreadPool$SizedThreadPool
Event: 4.301 loading class org/eclipse/jetty/util/thread/ThreadPool$SizedThreadPool done
Event: 4.302 loading class java/util/concurrent/RejectedExecutionException
Event: 4.302 loading class java/util/concurrent/RejectedExecutionException done
Event: 4.303 loading class java/util/concurrent/ArrayBlockingQueue
Event: 4.303 loading class java/util/concurrent/ArrayBlockingQueue done
Event: 4.303 loading class org/eclipse/jetty/util/BlockingArrayQueue
Event: 4.303 loading class org/eclipse/jetty/util/BlockingArrayQueue done


Dynamic libraries:
0x00007ff705e60000 - 0x00007ff705ed4000 	D:\tools\developt\sencha cmd\sencha.exe
0x00007ffc08e60000 - 0x00007ffc09041000 	C:\WINDOWS\SYSTEM32\ntdll.dll
0x00007ffc06400000 - 0x00007ffc064b2000 	C:\WINDOWS\System32\KERNEL32.DLL
0x00007ffc05960000 - 0x00007ffc05bd3000 	C:\WINDOWS\System32\KERNELBASE.dll
0x00007ffc06610000 - 0x00007ffc067a0000 	C:\WINDOWS\System32\USER32.dll
0x00007ffc058a0000 - 0x00007ffc058c0000 	C:\WINDOWS\System32\win32u.dll
0x00007ffc08c40000 - 0x00007ffc08c68000 	C:\WINDOWS\System32\GDI32.dll
0x00007ffc05230000 - 0x00007ffc053c2000 	C:\WINDOWS\System32\gdi32full.dll
0x00007ffc058c0000 - 0x00007ffc0595f000 	C:\WINDOWS\System32\msvcp_win.dll
0x00007ffc05670000 - 0x00007ffc0576a000 	C:\WINDOWS\System32\ucrtbase.dll
0x00007ffc08d60000 - 0x00007ffc08e01000 	C:\WINDOWS\System32\ADVAPI32.dll
0x00007ffc06300000 - 0x00007ffc0639e000 	C:\WINDOWS\System32\msvcrt.dll
0x00007ffc063a0000 - 0x00007ffc063fb000 	C:\WINDOWS\System32\sechost.dll
0x00007ffc08a20000 - 0x00007ffc08b44000 	C:\WINDOWS\System32\RPCRT4.dll
0x00007ffc08bb0000 - 0x00007ffc08bdd000 	C:\WINDOWS\System32\IMM32.DLL
0x00007ffbf7200000 - 0x00007ffbf7469000 	C:\WINDOWS\WinSxS\amd64_microsoft.windows.common-controls_6595b64144ccf1df_6.0.17134.472_none_fb3f9af53068156d\comctl32.dll
0x00007ffc067a0000 - 0x00007ffc06ac2000 	C:\WINDOWS\System32\combase.dll
0x00007ffc05770000 - 0x00007ffc057ea000 	C:\WINDOWS\System32\bcryptPrimitives.dll
0x0000000076900000 - 0x0000000077183000 	d:\tools\developt\sencha cmd\jre\bin\server\jvm.dll
0x00007ffc064c0000 - 0x00007ffc064c8000 	C:\WINDOWS\System32\PSAPI.DLL
0x00007ffbf1b30000 - 0x00007ffbf1b39000 	C:\WINDOWS\SYSTEM32\WSOCK32.dll
0x00007ffbf8b90000 - 0x00007ffbf8b9a000 	C:\WINDOWS\SYSTEM32\VERSION.dll
0x00007ffc00b50000 - 0x00007ffc00b73000 	C:\WINDOWS\SYSTEM32\WINMM.dll
0x0000000051300000 - 0x00000000513d2000 	C:\WINDOWS\SYSTEM32\MSVCR100.dll
0x00007ffc065a0000 - 0x00007ffc0660c000 	C:\WINDOWS\System32\WS2_32.dll
0x00007ffc00b20000 - 0x00007ffc00b4a000 	C:\WINDOWS\SYSTEM32\WINMMBASE.dll
0x00007ffc057f0000 - 0x00007ffc05839000 	C:\WINDOWS\System32\cfgmgr32.dll
0x00000000512f0000 - 0x00000000512ff000 	d:\tools\developt\sencha cmd\jre\bin\verify.dll
0x00000000512c0000 - 0x00000000512e9000 	d:\tools\developt\sencha cmd\jre\bin\java.dll
0x00000000512a0000 - 0x00000000512b6000 	d:\tools\developt\sencha cmd\jre\bin\zip.dll
0x00007ffc06d90000 - 0x00007ffc081d0000 	C:\WINDOWS\System32\SHELL32.dll
0x00007ffc06ce0000 - 0x00007ffc06d89000 	C:\WINDOWS\System32\shcore.dll
0x00007ffc05be0000 - 0x00007ffc062ed000 	C:\WINDOWS\System32\windows.storage.dll
0x00007ffc06ae0000 - 0x00007ffc06b31000 	C:\WINDOWS\System32\shlwapi.dll
0x00007ffc05200000 - 0x00007ffc05211000 	C:\WINDOWS\System32\kernel.appcore.dll
0x00007ffc05190000 - 0x00007ffc051af000 	C:\WINDOWS\System32\profapi.dll
0x00007ffc051b0000 - 0x00007ffc051fc000 	C:\WINDOWS\System32\powrprof.dll
0x00007ffc05220000 - 0x00007ffc0522a000 	C:\WINDOWS\System32\FLTLIB.DLL
0x0000000180000000 - 0x000000018002e000 	D:\tools\developt\sencha cmd\.install4j\i4jinst.dll
0x00007ffc08350000 - 0x00007ffc084a1000 	C:\WINDOWS\System32\ole32.dll
0x00007ffc064d0000 - 0x00007ffc06592000 	C:\WINDOWS\System32\OLEAUT32.dll
0x0000000051290000 - 0x000000005129d000 	D:\tools\developt\sencha cmd\jre\bin\management.dll
0x00007ffc000d0000 - 0x00007ffc000d9000 	C:\Users\enixl\AppData\Local\Temp\jansi-64-1.9.dll
0x0000000050d20000 - 0x0000000050dc3000 	C:\WINDOWS\WinSxS\amd64_microsoft.vc90.crt_1fc8b3b9a1e18e3b_9.0.30729.9415_none_08e0c10ba840a28a\MSVCR90.dll
0x0000000051270000 - 0x000000005128a000 	D:\tools\developt\sencha cmd\jre\bin\net.dll
0x00007ffc049f0000 - 0x00007ffc04a56000 	C:\WINDOWS\system32\mswsock.dll
0x0000000051250000 - 0x0000000051261000 	D:\tools\developt\sencha cmd\jre\bin\nio.dll
0x00007ffc03bc0000 - 0x00007ffc03d89000 	C:\WINDOWS\SYSTEM32\dbghelp.dll

VM Arguments:
jvm_args: -Dexe4j.semaphoreName=Local\d:_tools_developt_sencha_cmd_sencha.exe0 -Dexe4j.isInstall4j=true -Dexe4j.moduleName=D:\tools\developt\sencha cmd\sencha.exe -Dexe4j.tempDir= -Dexe4j.unextractedPosition=0 -Djava.library.path=C:\Program Files (x86)\Intel\Intel(R) Management Engine Components\iCLS\;C:\Program Files\Intel\Intel(R) Management Engine Components\iCLS\;C:\Windows\system32;C:\Windows;C:\Windows\System32\Wbem;C:\Windows\System32\WindowsPowerShell\v1.0\;C:\Program Files (x86)\Intel\Intel(R) Management Engine Components\DAL;C:\Program Files\Intel\Intel(R) Management Engine Components\DAL;C:\Program Files (x86)\Intel\Intel(R) Management Engine Components\IPT;C:\Program Files\Intel\Intel(R) Management Engine Components\IPT;C:\Program Files (x86)\NVIDIA Corporation\PhysX\Common;C:\Program Files\Intel\WiFi\bin\;C:\Program Files\Common Files\Intel\WirelessCommon\;D:\tools\developt\jdk\jdk1.8\BIN;D:\server\mysql-5.7.22-winx64\BIN;D:\tools\developt\Git\BIN;D:\tools\developt\gradle-4.9\BIN;D:\tools\developt\sencha cmd;D:\server\nodejs\BIN;D:\server\nodejs;D:\server\nodejs\;D:\server\httpd-2.4.34-o102o-x64-vc14\Apache24\bin;C:\WINDOWS\system32;C:\WINDOWS;C:\WINDOWS\System32\Wbem;C:\WINDOWS\System32\WindowsPowerShell\v1.0\;C:\WINDOWS\System32\OpenSSH\;C:\Program Files\Git\cmd;D:\tools\developt\Microsoft VS Code\bin;C:\Users\enixl\AppData\Local\Microsoft\WindowsApps;C:\Users\enixl\AppData\Roaming\npm;d:\tools\developt\sencha cmd\jre\bin -Dexe4j.consoleCodepage=cp936 -Dinstall4j.launcherId=159 -Dinstall4j.swt=false -Xms128m -Xmx1024m -Dapple.awt.UIElement=true 
java_command: D:\tools\developt\sencha cmd\sencha.exe
java_class_path (initial): D:\tools\developt\sencha cmd\.install4j\i4jruntime.jar;D:\tools\developt\sencha cmd\.\sencha.jar
Launcher Type: generic

Environment Variables:
JAVA_HOME=D:\tools\developt\jdk\jdk1.8
PATH=C:\Program Files (x86)\Intel\Intel(R) Management Engine Components\iCLS\;C:\Program Files\Intel\Intel(R) Management Engine Components\iCLS\;C:\Windows\system32;C:\Windows;C:\Windows\System32\Wbem;C:\Windows\System32\WindowsPowerShell\v1.0\;C:\Program Files (x86)\Intel\Intel(R) Management Engine Components\DAL;C:\Program Files\Intel\Intel(R) Management Engine Components\DAL;C:\Program Files (x86)\Intel\Intel(R) Management Engine Components\IPT;C:\Program Files\Intel\Intel(R) Management Engine Components\IPT;C:\Program Files (x86)\NVIDIA Corporation\PhysX\Common;C:\Program Files\Intel\WiFi\bin\;C:\Program Files\Common Files\Intel\WirelessCommon\;D:\tools\developt\jdk\jdk1.8\BIN;D:\server\mysql-5.7.22-winx64\BIN;D:\tools\developt\Git\BIN;D:\tools\developt\gradle-4.9\BIN;D:\tools\developt\sencha cmd;D:\server\nodejs\BIN;D:\server\nodejs;D:\server\nodejs\;D:\server\httpd-2.4.34-o102o-x64-vc14\Apache24\bin;C:\WINDOWS\system32;C:\WINDOWS;C:\WINDOWS\System32\Wbem;C:\WINDOWS\System32\WindowsPowerShell\v1.0\;C:\WINDOWS\System32\OpenSSH\;C:\Program Files\Git\cmd;D:\tools\developt\Microsoft VS Code\bin;C:\Users\enixl\AppData\Local\Microsoft\WindowsApps;C:\Users\enixl\AppData\Roaming\npm;d:\tools\developt\sencha cmd\jre\bin
USERNAME=linzhenhuan
OS=Windows_NT
PROCESSOR_IDENTIFIER=Intel64 Family 6 Model 142 Stepping 10, GenuineIntel



---------------  S Y S T E M  ---------------

OS: Windows 10.0 , 64 bit Build 17134 (10.0.17134.1)

CPU:total 8 (4 cores per cpu, 2 threads per core) family 6 model 142 stepping 10, cmov, cx8, fxsr, mmx, sse, sse2, sse3, ssse3, sse4.1, sse4.2, popcnt, avx, avx2, aes, clmul, erms, 3dnowpref, lzcnt, ht, tsc, tscinvbit, bmi1, bmi2, adx

Memory: 4k page, physical 8268520k(1699012k free), swap 8268520k(5964k free)

vm_info: Java HotSpot(TM) 64-Bit Server VM (25.45-b02) for windows-amd64 JRE (1.8.0_45-b14), built on Apr 10 2015 10:34:15 by "java_re" with MS VC++ 10.0 (VS2010)

time: Sat Jan 12 13:57:39 2019
elapsed time: 4 seconds (0d 0h 0m 4s)

