#
# There is insufficient memory for the Java Runtime Environment to continue.
# Native memory allocation (malloc) failed to allocate 2069216 bytes for Chunk::new
# Possible reasons:
#   The system is out of physical RAM or swap space
#   In 32 bit mode, the process size limit was hit
# Possible solutions:
#   Reduce memory load on the system
#   Increase physical memory or swap space
#   Check if swap backing store is full
#   Use 64 bit Java on a 64 bit OS
#   Decrease Java heap size (-Xmx/-Xms)
#   Decrease number of Java threads
#   Decrease Java thread stack sizes (-Xss)
#   Set larger code cache with -XX:ReservedCodeCacheSize=
# This output file may be truncated or incomplete.
#
#  Out of Memory Error (allocation.cpp:390), pid=13636, tid=7948
#
# JRE version: Java(TM) SE Runtime Environment (8.0_45-b14) (build 1.8.0_45-b14)
# Java VM: Java HotSpot(TM) 64-Bit Server VM (25.45-b02 mixed mode windows-amd64 compressed oops)
# Failed to write core dump. Minidumps are not enabled by default on client versions of Windows
#

---------------  T H R E A D  ---------------

Current thread (0x000000001814e000):  JavaThread "C2 CompilerThread2" daemon [_thread_in_native, id=7948, stack(0x00000000188c0000,0x00000000189c0000)]

Stack: [0x00000000188c0000,0x00000000189c0000]
Native frames: (J=compiled Java code, j=interpreted, Vv=VM code, C=native code)
V  [jvm.dll+0x32b57a]
V  [jvm.dll+0x279873]
V  [jvm.dll+0x27a509]
V  [jvm.dll+0x271825]
V  [jvm.dll+0xcb9e2]
V  [jvm.dll+0xcbeac]
V  [jvm.dll+0x476ef2]
V  [jvm.dll+0x4b955f]
V  [jvm.dll+0x46bf81]
V  [jvm.dll+0x46ccbe]
V  [jvm.dll+0x4500f2]
V  [jvm.dll+0xa4352]
V  [jvm.dll+0xa4c8f]
V  [jvm.dll+0x241984]
V  [jvm.dll+0x29853a]
C  [MSVCR100.dll+0x21d9f]
C  [MSVCR100.dll+0x21e3b]
C  [KERNEL32.DLL+0x13034]
C  [ntdll.dll+0x73691]


Current CompileTask:
C2:   2724 2722       4       org.apache.tools.ant.IntrospectionHelper::supportsNestedElement (47 bytes)


---------------  P R O C E S S  ---------------

Java Threads: ( => current thread )
  0x00000000199b1000 JavaThread "Thread-8" daemon [_thread_blocked, id=13696, stack(0x000000001c2f0000,0x000000001c3f0000)]
  0x00000000199c3800 JavaThread "Thread-7" daemon [_thread_blocked, id=7368, stack(0x000000001c1f0000,0x000000001c2f0000)]
  0x000000001a537800 JavaThread "Thread-6" daemon [_thread_blocked, id=1532, stack(0x000000001c0f0000,0x000000001c1f0000)]
  0x0000000019c25800 JavaThread "Thread-5" daemon [_thread_blocked, id=6392, stack(0x000000001b020000,0x000000001b120000)]
  0x0000000019d1f000 JavaThread "Thread-4" daemon [_thread_blocked, id=10196, stack(0x000000001af20000,0x000000001b020000)]
  0x0000000019329000 JavaThread "Thread-3" daemon [_thread_blocked, id=7416, stack(0x000000001ae20000,0x000000001af20000)]
  0x000000001990c800 JavaThread "Thread-2" daemon [_thread_blocked, id=13976, stack(0x000000001a640000,0x000000001a740000)]
  0x00000000198d1000 JavaThread "Thread-1" daemon [_thread_blocked, id=8772, stack(0x0000000018cc0000,0x0000000018dc0000)]
  0x00000000181f3000 JavaThread "Service Thread" daemon [_thread_blocked, id=13616, stack(0x0000000018ac0000,0x0000000018bc0000)]
  0x000000001815b800 JavaThread "C1 CompilerThread3" daemon [_thread_in_native, id=15184, stack(0x00000000189c0000,0x0000000018ac0000)]
=>0x000000001814e000 JavaThread "C2 CompilerThread2" daemon [_thread_in_native, id=7948, stack(0x00000000188c0000,0x00000000189c0000)]
  0x000000001814c800 JavaThread "C2 CompilerThread1" daemon [_thread_in_native, id=6784, stack(0x00000000187c0000,0x00000000188c0000)]
  0x0000000018145800 JavaThread "C2 CompilerThread0" daemon [_thread_in_native, id=988, stack(0x00000000186c0000,0x00000000187c0000)]
  0x0000000018144000 JavaThread "Attach Listener" daemon [_thread_blocked, id=13788, stack(0x00000000185c0000,0x00000000186c0000)]
  0x0000000018143800 JavaThread "Signal Dispatcher" daemon [_thread_blocked, id=1296, stack(0x00000000184c0000,0x00000000185c0000)]
  0x000000000355a800 JavaThread "Finalizer" daemon [_thread_blocked, id=2664, stack(0x0000000017fc0000,0x00000000180c0000)]
  0x00000000160fd800 JavaThread "Reference Handler" daemon [_thread_blocked, id=6072, stack(0x0000000017ec0000,0x0000000017fc0000)]
  0x00000000035de800 JavaThread "main" [_thread_in_native, id=15300, stack(0x0000000001020000,0x0000000001120000)]

Other Threads:
  0x00000000160f9800 VMThread [stack: 0x0000000017dc0000,0x0000000017ec0000] [id=14836]
  0x00000000181f4800 WatcherThread [stack: 0x0000000018bc0000,0x0000000018cc0000] [id=15620]

VM state:not at safepoint (normal execution)

VM Mutex/Monitor currently owned by a thread:  ([mutex/lock_event])
[0x00000000034611d0] CompiledIC_lock - owner thread: 0x0000000000000000

Heap:
 PSYoungGen      total 71680K, used 47211K [0x00000000eab00000, 0x00000000ef600000, 0x0000000100000000)
  eden space 66560K, 63% used [0x00000000eab00000,0x00000000ed41b580,0x00000000eec00000)
  from space 5120K, 99% used [0x00000000eec00000,0x00000000ef0ff7b0,0x00000000ef100000)
  to   space 5120K, 0% used [0x00000000ef100000,0x00000000ef100000,0x00000000ef600000)
 ParOldGen       total 87552K, used 30292K [0x00000000c0000000, 0x00000000c5580000, 0x00000000eab00000)
  object space 87552K, 34% used [0x00000000c0000000,0x00000000c1d95158,0x00000000c5580000)
 Metaspace       used 16318K, capacity 16562K, committed 16768K, reserved 1064960K
  class space    used 1836K, capacity 1877K, committed 1920K, reserved 1048576K

Card table byte_map: [0x00000000129a0000,0x0000000012bb0000] byte_map_base: 0x00000000123a0000

Marking Bits: (ParMarkBitMap*) 0x0000000077104040
 Begin Bits: [0x0000000013510000, 0x0000000014510000)
 End Bits:   [0x0000000014510000, 0x0000000015510000)

Polling page: 0x0000000002ed0000

CodeCache: size=245760Kb used=10650Kb max_used=10650Kb free=235109Kb
 bounds [0x00000000035e0000, 0x0000000004080000, 0x00000000125e0000]
 total_blobs=3205 nmethods=2817 adapters=299
 compilation: disabled (not enough contiguous free space left)

Compilation events (10 events):
Event: 2.646 Thread 0x000000001815b800 nmethod 2769 0x000000000404fd10 code [0x000000000404fe60, 0x000000000404ff90]
Event: 2.646 Thread 0x000000001815b800 2827       3       org.mozilla.javascript.Interpreter::getIndex (21 bytes)
Event: 2.646 Thread 0x000000001815b800 nmethod 2827 0x0000000004050010 code [0x0000000004050160, 0x00000000040502f0]
Event: 2.647 Thread 0x000000001815b800 2828       3       com.sencha.util.JavaScriptHost$DebugFrameImpl::onLineChange (16 bytes)
Event: 2.647 Thread 0x000000001815b800 nmethod 2828 0x0000000004050410 code [0x0000000004050560, 0x00000000040506f0]
Event: 2.657 Thread 0x000000001815b800 2829       3       org.mozilla.javascript.ImporterTopLevel::has (27 bytes)
Event: 2.657 Thread 0x000000001815b800 nmethod 2829 0x0000000004050790 code [0x0000000004050900, 0x0000000004050b98]
Event: 2.661 Thread 0x000000001815b800 2830       3       org.mozilla.javascript.Interpreter::doGetVar (61 bytes)
Event: 2.661 Thread 0x000000001815b800 nmethod 2830 0x0000000004050c50 code [0x0000000004050e00, 0x00000000040513c8]
Event: 2.661 Thread 0x000000001815b800 2831   !   3       org.mozilla.javascript.Interpreter::interpretLoop (6331 bytes)

GC Heap History (10 events):
Event: 0.778 GC heap before
{Heap before GC invocations=1 (full 0):
 PSYoungGen      total 38400K, used 33280K [0x00000000eab00000, 0x00000000ed580000, 0x0000000100000000)
  eden space 33280K, 100% used [0x00000000eab00000,0x00000000ecb80000,0x00000000ecb80000)
  from space 5120K, 0% used [0x00000000ed080000,0x00000000ed080000,0x00000000ed580000)
  to   space 5120K, 0% used [0x00000000ecb80000,0x00000000ecb80000,0x00000000ed080000)
 ParOldGen       total 87552K, used 0K [0x00000000c0000000, 0x00000000c5580000, 0x00000000eab00000)
  object space 87552K, 0% used [0x00000000c0000000,0x00000000c0000000,0x00000000c5580000)
 Metaspace       used 11120K, capacity 11302K, committed 11648K, reserved 1058816K
  class space    used 1323K, capacity 1347K, committed 1408K, reserved 1048576K
Event: 0.784 GC heap after
Heap after GC invocations=1 (full 0):
 PSYoungGen      total 38400K, used 5098K [0x00000000eab00000, 0x00000000ed580000, 0x0000000100000000)
  eden space 33280K, 0% used [0x00000000eab00000,0x00000000eab00000,0x00000000ecb80000)
  from space 5120K, 99% used [0x00000000ecb80000,0x00000000ed07abf0,0x00000000ed080000)
  to   space 5120K, 0% used [0x00000000ed080000,0x00000000ed080000,0x00000000ed580000)
 ParOldGen       total 87552K, used 2060K [0x00000000c0000000, 0x00000000c5580000, 0x00000000eab00000)
  object space 87552K, 2% used [0x00000000c0000000,0x00000000c0203398,0x00000000c5580000)
 Metaspace       used 11120K, capacity 11302K, committed 11648K, reserved 1058816K
  class space    used 1323K, capacity 1347K, committed 1408K, reserved 1048576K
}
Event: 1.298 GC heap before
{Heap before GC invocations=2 (full 0):
 PSYoungGen      total 38400K, used 38378K [0x00000000eab00000, 0x00000000ed580000, 0x0000000100000000)
  eden space 33280K, 100% used [0x00000000eab00000,0x00000000ecb80000,0x00000000ecb80000)
  from space 5120K, 99% used [0x00000000ecb80000,0x00000000ed07abf0,0x00000000ed080000)
  to   space 5120K, 0% used [0x00000000ed080000,0x00000000ed080000,0x00000000ed580000)
 ParOldGen       total 87552K, used 2060K [0x00000000c0000000, 0x00000000c5580000, 0x00000000eab00000)
  object space 87552K, 2% used [0x00000000c0000000,0x00000000c0203398,0x00000000c5580000)
 Metaspace       used 14600K, capacity 14864K, committed 15104K, reserved 1062912K
  class space    used 1712K, capacity 1786K, committed 1792K, reserved 1048576K
Event: 1.306 GC heap after
Heap after GC invocations=2 (full 0):
 PSYoungGen      total 38400K, used 5101K [0x00000000eab00000, 0x00000000ef600000, 0x0000000100000000)
  eden space 33280K, 0% used [0x00000000eab00000,0x00000000eab00000,0x00000000ecb80000)
  from space 5120K, 99% used [0x00000000ed080000,0x00000000ed57b4c0,0x00000000ed580000)
  to   space 5120K, 0% used [0x00000000ecb80000,0x00000000ecb80000,0x00000000ed080000)
 ParOldGen       total 87552K, used 6155K [0x00000000c0000000, 0x00000000c5580000, 0x00000000eab00000)
  object space 87552K, 7% used [0x00000000c0000000,0x00000000c0602c58,0x00000000c5580000)
 Metaspace       used 14600K, capacity 14864K, committed 15104K, reserved 1062912K
  class space    used 1712K, capacity 1786K, committed 1792K, reserved 1048576K
}
Event: 1.631 GC heap before
{Heap before GC invocations=3 (full 0):
 PSYoungGen      total 38400K, used 38381K [0x00000000eab00000, 0x00000000ef600000, 0x0000000100000000)
  eden space 33280K, 100% used [0x00000000eab00000,0x00000000ecb80000,0x00000000ecb80000)
  from space 5120K, 99% used [0x00000000ed080000,0x00000000ed57b4c0,0x00000000ed580000)
  to   space 5120K, 0% used [0x00000000ecb80000,0x00000000ecb80000,0x00000000ed080000)
 ParOldGen       total 87552K, used 6155K [0x00000000c0000000, 0x00000000c5580000, 0x00000000eab00000)
  object space 87552K, 7% used [0x00000000c0000000,0x00000000c0602c58,0x00000000c5580000)
 Metaspace       used 15078K, capacity 15290K, committed 15488K, reserved 1062912K
  class space    used 1745K, capacity 1793K, committed 1920K, reserved 1048576K
Event: 1.640 GC heap after
Heap after GC invocations=3 (full 0):
 PSYoungGen      total 38400K, used 5115K [0x00000000eab00000, 0x00000000ef600000, 0x0000000100000000)
  eden space 33280K, 0% used [0x00000000eab00000,0x00000000eab00000,0x00000000ecb80000)
  from space 5120K, 99% used [0x00000000ecb80000,0x00000000ed07eee0,0x00000000ed080000)
  to   space 5120K, 0% used [0x00000000ef100000,0x00000000ef100000,0x00000000ef600000)
 ParOldGen       total 87552K, used 12495K [0x00000000c0000000, 0x00000000c5580000, 0x00000000eab00000)
  object space 87552K, 14% used [0x00000000c0000000,0x00000000c0c33dc8,0x00000000c5580000)
 Metaspace       used 15078K, capacity 15290K, committed 15488K, reserved 1062912K
  class space    used 1745K, capacity 1793K, committed 1920K, reserved 1048576K
}
Event: 1.852 GC heap before
{Heap before GC invocations=4 (full 0):
 PSYoungGen      total 38400K, used 38395K [0x00000000eab00000, 0x00000000ef600000, 0x0000000100000000)
  eden space 33280K, 100% used [0x00000000eab00000,0x00000000ecb80000,0x00000000ecb80000)
  from space 5120K, 99% used [0x00000000ecb80000,0x00000000ed07eee0,0x00000000ed080000)
  to   space 5120K, 0% used [0x00000000ef100000,0x00000000ef100000,0x00000000ef600000)
 ParOldGen       total 87552K, used 12495K [0x00000000c0000000, 0x00000000c5580000, 0x00000000eab00000)
  object space 87552K, 14% used [0x00000000c0000000,0x00000000c0c33dc8,0x00000000c5580000)
 Metaspace       used 15236K, capacity 15512K, committed 15744K, reserved 1062912K
  class space    used 1748K, capacity 1798K, committed 1920K, reserved 1048576K
Event: 1.862 GC heap after
Heap after GC invocations=4 (full 0):
 PSYoungGen      total 71680K, used 5117K [0x00000000eab00000, 0x00000000ef600000, 0x0000000100000000)
  eden space 66560K, 0% used [0x00000000eab00000,0x00000000eab00000,0x00000000eec00000)
  from space 5120K, 99% used [0x00000000ef100000,0x00000000ef5ff7b0,0x00000000ef600000)
  to   space 5120K, 0% used [0x00000000eec00000,0x00000000eec00000,0x00000000ef100000)
 ParOldGen       total 87552K, used 18341K [0x00000000c0000000, 0x00000000c5580000, 0x00000000eab00000)
  object space 87552K, 20% used [0x00000000c0000000,0x00000000c11e9768,0x00000000c5580000)
 Metaspace       used 15236K, capacity 15512K, committed 15744K, reserved 1062912K
  class space    used 1748K, capacity 1798K, committed 1920K, reserved 1048576K
}
Event: 2.246 GC heap before
{Heap before GC invocations=5 (full 0):
 PSYoungGen      total 71680K, used 71677K [0x00000000eab00000, 0x00000000ef600000, 0x0000000100000000)
  eden space 66560K, 100% used [0x00000000eab00000,0x00000000eec00000,0x00000000eec00000)
  from space 5120K, 99% used [0x00000000ef100000,0x00000000ef5ff7b0,0x00000000ef600000)
  to   space 5120K, 0% used [0x00000000eec00000,0x00000000eec00000,0x00000000ef100000)
 ParOldGen       total 87552K, used 18341K [0x00000000c0000000, 0x00000000c5580000, 0x00000000eab00000)
  object space 87552K, 20% used [0x00000000c0000000,0x00000000c11e9768,0x00000000c5580000)
 Metaspace       used 15503K, capacity 15740K, committed 16000K, reserved 1062912K
  class space    used 1753K, capacity 1804K, committed 1920K, reserved 1048576K
Event: 2.257 GC heap after
Heap after GC invocations=5 (full 0):
 PSYoungGen      total 71680K, used 5117K [0x00000000eab00000, 0x00000000ef600000, 0x0000000100000000)
  eden space 66560K, 0% used [0x00000000eab00000,0x00000000eab00000,0x00000000eec00000)
  from space 5120K, 99% used [0x00000000eec00000,0x00000000ef0ff7b0,0x00000000ef100000)
  to   space 5120K, 0% used [0x00000000ef100000,0x00000000ef100000,0x00000000ef600000)
 ParOldGen       total 87552K, used 30292K [0x00000000c0000000, 0x00000000c5580000, 0x00000000eab00000)
  object space 87552K, 34% used [0x00000000c0000000,0x00000000c1d95158,0x00000000c5580000)
 Metaspace       used 15503K, capacity 15740K, committed 16000K, reserved 1062912K
  class space    used 1753K, capacity 1804K, committed 1920K, reserved 1048576K
}

Deoptimization events (10 events):
Event: 2.663 Thread 0x00000000035de800 Uncommon trap: reason=class_check action=maybe_recompile pc=0x0000000003fb38dc method=org.mozilla.javascript.TopLevel.getBuiltinCtor(Lorg/mozilla/javascript/TopLevel$Builtins;)Lorg/mozilla/javascript/BaseFunction; @ 15
Event: 2.680 Thread 0x00000000035de800 Uncommon trap: reason=bimorphic action=maybe_recompile pc=0x0000000003dff8fc method=org.mozilla.javascript.ScriptableObject.setAttributes(Ljava/lang/String;I)V @ 14
Event: 2.680 Thread 0x00000000035de800 Uncommon trap: reason=class_check action=maybe_recompile pc=0x0000000003fb38dc method=org.mozilla.javascript.TopLevel.getBuiltinCtor(Lorg/mozilla/javascript/TopLevel$Builtins;)Lorg/mozilla/javascript/BaseFunction; @ 15
Event: 2.681 Thread 0x00000000035de800 Uncommon trap: reason=class_check action=maybe_recompile pc=0x0000000003fb38dc method=org.mozilla.javascript.TopLevel.getBuiltinCtor(Lorg/mozilla/javascript/TopLevel$Builtins;)Lorg/mozilla/javascript/BaseFunction; @ 15
Event: 2.691 Thread 0x00000000035de800 Uncommon trap: reason=unstable_if action=reinterpret pc=0x000000000372ad88 method=sun.nio.cs.UTF_8$Decoder.decode([BII[C)I @ 30
Event: 2.692 Thread 0x00000000035de800 Uncommon trap: reason=unstable_if action=reinterpret pc=0x0000000003de4dac method=java.lang.StringCoding.safeTrim([CILjava/nio/charset/Charset;Z)[C @ 3
Event: 2.699 Thread 0x00000000035de800 Uncommon trap: reason=bimorphic action=maybe_recompile pc=0x0000000003ef00e0 method=org.mozilla.javascript.ScriptableObject.getProperty(Lorg/mozilla/javascript/Scriptable;Ljava/lang/String;)Ljava/lang/Object; @ 22
Event: 2.699 Thread 0x00000000035de800 Uncommon trap: reason=bimorphic action=maybe_recompile pc=0x0000000003ef00e0 method=org.mozilla.javascript.ScriptableObject.getProperty(Lorg/mozilla/javascript/Scriptable;Ljava/lang/String;)Ljava/lang/Object; @ 22
Event: 2.699 Thread 0x00000000035de800 Uncommon trap: reason=bimorphic action=maybe_recompile pc=0x0000000003ef00e0 method=org.mozilla.javascript.ScriptableObject.getProperty(Lorg/mozilla/javascript/Scriptable;Ljava/lang/String;)Ljava/lang/Object; @ 22
Event: 2.699 Thread 0x00000000035de800 Uncommon trap: reason=bimorphic action=maybe_recompile pc=0x0000000003ef00e0 method=org.mozilla.javascript.ScriptableObject.getProperty(Lorg/mozilla/javascript/Scriptable;Ljava/lang/String;)Ljava/lang/Object; @ 22

Internal exceptions (10 events):
Event: 1.225 Thread 0x00000000035de800 Exception <a 'java/lang/ClassNotFoundException': com/sencha/command/generator/GeneratorCommands$AppElementGeneratorCustomizer> (0x00000000ec7f4890) thrown at [C:\re\workspace\8-2-build-windows-amd64-cygwin\jdk8u45\3457\hotspot\src\share\vm\classfile\system€Ìù[§œó?
Event: 1.226 Thread 0x00000000035de800 Exception <a 'java/lang/ClassNotFoundException': com/sencha/command/generator/GeneratorCommands$ViewCommandCustomizer> (0x00000000ec8066c0) thrown at [C:\re\workspace\8-2-build-windows-amd64-cygwin\jdk8u45\3457\hotspot\src\share\vm\classfile\systemDictionav ¹¹¨õ?
Event: 1.318 Thread 0x00000000035de800 Implicit null exception at 0x00000000039c351d to 0x00000000039c384d
Event: 1.318 Thread 0x00000000035de800 Implicit null exception at 0x0000000003ab04a8 to 0x0000000003ab1d2d
Event: 1.318 Thread 0x00000000035de800 Implicit null exception at 0x0000000003aa9456 to 0x0000000003aa9661
Event: 2.071 Thread 0x000000001990c800 Implicit null exception at 0x0000000003e7a62f to 0x0000000003e7c765
Event: 2.313 Thread 0x000000001a537800 Implicit null exception at 0x0000000003ae55e2 to 0x0000000003ae5abd
Event: 2.314 Thread 0x000000001a537800 Implicit null exception at 0x00000000037e0354 to 0x00000000037e06a9
Event: 2.316 Thread 0x000000001a537800 Exception <a 'java/lang/ClassNotFoundException': org/apache/tools/ant/helper/DefaultExecutor> (0x00000000eb1872e0) thrown at [C:\re\workspace\8-2-build-windows-amd64-cygwin\jdk8u45\3457\hotspot\src\share\vm\classfile\systemDictionary.cpp, line 210]
Event: 2.453 Thread 0x00000000035de800 Exception <a 'java/lang/ClassNotFoundException': org/apache/tools/ant/helper/DefaultExecutor> (0x00000000ebfd2270) thrown at [C:\re\workspace\8-2-build-windows-amd64-cygwin\jdk8u45\3457\hotspot\src\share\vm\classfile\systemDictionary.cpp, line 210]

Events (10 events):
Event: 2.699 Thread 0x00000000035de800 DEOPT UNPACKING pc=0x000000000362582a sp=0x000000000111bde8 mode 2
Event: 2.699 Thread 0x00000000035de800 Uncommon trap: trap_request=0xffffffc6 fr.pc=0x0000000003ef00e0
Event: 2.699 Thread 0x00000000035de800 DEOPT PACKING pc=0x0000000003ef00e0 sp=0x000000000111be40
Event: 2.699 Thread 0x00000000035de800 DEOPT UNPACKING pc=0x000000000362582a sp=0x000000000111bde8 mode 2
Event: 2.699 Thread 0x00000000035de800 Uncommon trap: trap_request=0xffffffc6 fr.pc=0x0000000003ef00e0
Event: 2.699 Thread 0x00000000035de800 DEOPT PACKING pc=0x0000000003ef00e0 sp=0x000000000111be40
Event: 2.699 Thread 0x00000000035de800 DEOPT UNPACKING pc=0x000000000362582a sp=0x000000000111bde8 mode 2
Event: 2.699 Thread 0x00000000035de800 Uncommon trap: trap_request=0xffffffc6 fr.pc=0x0000000003ef00e0
Event: 2.699 Thread 0x00000000035de800 DEOPT PACKING pc=0x0000000003ef00e0 sp=0x000000000111be40
Event: 2.699 Thread 0x00000000035de800 DEOPT UNPACKING pc=0x000000000362582a sp=0x000000000111bde8 mode 2


Dynamic libraries:
0x00007ff7ccc20000 - 0x00007ff7ccc94000 	D:\tools\developt\sencha cmd\sencha.exe
0x00007ffc08e60000 - 0x00007ffc09041000 	C:\WINDOWS\SYSTEM32\ntdll.dll
0x00007ffc06400000 - 0x00007ffc064b2000 	C:\WINDOWS\System32\KERNEL32.DLL
0x00007ffc05960000 - 0x00007ffc05bd3000 	C:\WINDOWS\System32\KERNELBASE.dll
0x00007ffc06610000 - 0x00007ffc067a0000 	C:\WINDOWS\System32\USER32.dll
0x00007ffc058a0000 - 0x00007ffc058c0000 	C:\WINDOWS\System32\win32u.dll
0x00007ffc08c40000 - 0x00007ffc08c68000 	C:\WINDOWS\System32\GDI32.dll
0x00007ffc05230000 - 0x00007ffc053c2000 	C:\WINDOWS\System32\gdi32full.dll
0x00007ffc058c0000 - 0x00007ffc0595f000 	C:\WINDOWS\System32\msvcp_win.dll
0x00007ffc05670000 - 0x00007ffc0576a000 	C:\WINDOWS\System32\ucrtbase.dll
0x00007ffc08d60000 - 0x00007ffc08e01000 	C:\WINDOWS\System32\ADVAPI32.dll
0x00007ffc06300000 - 0x00007ffc0639e000 	C:\WINDOWS\System32\msvcrt.dll
0x00007ffc063a0000 - 0x00007ffc063fb000 	C:\WINDOWS\System32\sechost.dll
0x00007ffc08a20000 - 0x00007ffc08b44000 	C:\WINDOWS\System32\RPCRT4.dll
0x00007ffc08bb0000 - 0x00007ffc08bdd000 	C:\WINDOWS\System32\IMM32.DLL
0x00007ffbf7200000 - 0x00007ffbf7469000 	C:\WINDOWS\WinSxS\amd64_microsoft.windows.common-controls_6595b64144ccf1df_6.0.17134.472_none_fb3f9af53068156d\comctl32.dll
0x00007ffc067a0000 - 0x00007ffc06ac2000 	C:\WINDOWS\System32\combase.dll
0x00007ffc05770000 - 0x00007ffc057ea000 	C:\WINDOWS\System32\bcryptPrimitives.dll
0x0000000076900000 - 0x0000000077183000 	d:\tools\developt\sencha cmd\jre\bin\server\jvm.dll
0x00007ffc064c0000 - 0x00007ffc064c8000 	C:\WINDOWS\System32\PSAPI.DLL
0x00007ffbf1b30000 - 0x00007ffbf1b39000 	C:\WINDOWS\SYSTEM32\WSOCK32.dll
0x00007ffbf8b90000 - 0x00007ffbf8b9a000 	C:\WINDOWS\SYSTEM32\VERSION.dll
0x00007ffc00b50000 - 0x00007ffc00b73000 	C:\WINDOWS\SYSTEM32\WINMM.dll
0x0000000050b70000 - 0x0000000050c42000 	C:\WINDOWS\SYSTEM32\MSVCR100.dll
0x00007ffc065a0000 - 0x00007ffc0660c000 	C:\WINDOWS\System32\WS2_32.dll
0x00007ffc00b20000 - 0x00007ffc00b4a000 	C:\WINDOWS\SYSTEM32\winmmbase.dll
0x00007ffc057f0000 - 0x00007ffc05839000 	C:\WINDOWS\System32\cfgmgr32.dll
0x0000000051210000 - 0x000000005121f000 	d:\tools\developt\sencha cmd\jre\bin\verify.dll
0x00000000511e0000 - 0x0000000051209000 	d:\tools\developt\sencha cmd\jre\bin\java.dll
0x0000000050b50000 - 0x0000000050b66000 	d:\tools\developt\sencha cmd\jre\bin\zip.dll
0x00007ffc06d90000 - 0x00007ffc081d0000 	C:\WINDOWS\System32\SHELL32.dll
0x00007ffc06ce0000 - 0x00007ffc06d89000 	C:\WINDOWS\System32\shcore.dll
0x00007ffc05be0000 - 0x00007ffc062ed000 	C:\WINDOWS\System32\windows.storage.dll
0x00007ffc06ae0000 - 0x00007ffc06b31000 	C:\WINDOWS\System32\shlwapi.dll
0x00007ffc05200000 - 0x00007ffc05211000 	C:\WINDOWS\System32\kernel.appcore.dll
0x00007ffc05190000 - 0x00007ffc051af000 	C:\WINDOWS\System32\profapi.dll
0x00007ffc051b0000 - 0x00007ffc051fc000 	C:\WINDOWS\System32\powrprof.dll
0x00007ffc05220000 - 0x00007ffc0522a000 	C:\WINDOWS\System32\FLTLIB.DLL
0x0000000180000000 - 0x000000018002e000 	D:\tools\developt\sencha cmd\.install4j\i4jinst.dll
0x00007ffc08350000 - 0x00007ffc084a1000 	C:\WINDOWS\System32\ole32.dll
0x00007ffc064d0000 - 0x00007ffc06592000 	C:\WINDOWS\System32\OLEAUT32.dll
0x00000000511d0000 - 0x00000000511dd000 	D:\tools\developt\sencha cmd\jre\bin\management.dll
0x00007ffc00fc0000 - 0x00007ffc00fc9000 	C:\Users\enixl\AppData\Local\Temp\jansi-64-1.9.dll
0x0000000050aa0000 - 0x0000000050b43000 	C:\WINDOWS\WinSxS\amd64_microsoft.vc90.crt_1fc8b3b9a1e18e3b_9.0.30729.9415_none_08e0c10ba840a28a\MSVCR90.dll
0x00000000504e0000 - 0x00000000504fa000 	D:\tools\developt\sencha cmd\jre\bin\net.dll
0x00007ffc049f0000 - 0x00007ffc04a56000 	C:\WINDOWS\system32\mswsock.dll
0x00000000504c0000 - 0x00000000504d1000 	D:\tools\developt\sencha cmd\jre\bin\nio.dll
0x00007ffc03bc0000 - 0x00007ffc03d89000 	C:\WINDOWS\SYSTEM32\dbghelp.dll

VM Arguments:
jvm_args: -Dexe4j.semaphoreName=Local\d:_tools_developt_sencha_cmd_sencha.exe0 -Dexe4j.isInstall4j=true -Dexe4j.moduleName=D:\tools\developt\sencha cmd\sencha.exe -Dexe4j.tempDir= -Dexe4j.unextractedPosition=0 -Djava.library.path=C:\Program Files (x86)\Intel\Intel(R) Management Engine Components\iCLS\;C:\Program Files\Intel\Intel(R) Management Engine Components\iCLS\;C:\Windows\system32;C:\Windows;C:\Windows\System32\Wbem;C:\Windows\System32\WindowsPowerShell\v1.0\;C:\Program Files (x86)\Intel\Intel(R) Management Engine Components\DAL;C:\Program Files\Intel\Intel(R) Management Engine Components\DAL;C:\Program Files (x86)\Intel\Intel(R) Management Engine Components\IPT;C:\Program Files\Intel\Intel(R) Management Engine Components\IPT;C:\Program Files (x86)\NVIDIA Corporation\PhysX\Common;C:\Program Files\Intel\WiFi\bin\;C:\Program Files\Common Files\Intel\WirelessCommon\;D:\tools\developt\jdk\jdk1.8\BIN;D:\server\mysql-5.7.22-winx64\BIN;D:\tools\developt\Git\BIN;D:\tools\developt\gradle-4.9\BIN;D:\tools\developt\sencha cmd;D:\server\nodejs\BIN;D:\server\nodejs;D:\server\nodejs\;D:\server\httpd-2.4.34-o102o-x64-vc14\Apache24\bin;C:\WINDOWS\system32;C:\WINDOWS;C:\WINDOWS\System32\Wbem;C:\WINDOWS\System32\WindowsPowerShell\v1.0\;C:\WINDOWS\System32\OpenSSH\;C:\Program Files\Git\cmd;D:\tools\developt\Microsoft VS Code\bin;C:\Users\enixl\AppData\Local\Microsoft\WindowsApps;C:\Users\enixl\AppData\Roaming\npm;d:\tools\developt\sencha cmd\jre\bin -Dexe4j.consoleCodepage=cp936 -Dinstall4j.launcherId=159 -Dinstall4j.swt=false -Xms128m -Xmx1024m -Dapple.awt.UIElement=true 
java_command: D:\tools\developt\sencha cmd\sencha.exe
java_class_path (initial): D:\tools\developt\sencha cmd\.install4j\i4jruntime.jar;D:\tools\developt\sencha cmd\.\sencha.jar
Launcher Type: generic

Environment Variables:
JAVA_HOME=D:\tools\developt\jdk\jdk1.8
PATH=C:\Program Files (x86)\Intel\Intel(R) Management Engine Components\iCLS\;C:\Program Files\Intel\Intel(R) Management Engine Components\iCLS\;C:\Windows\system32;C:\Windows;C:\Windows\System32\Wbem;C:\Windows\System32\WindowsPowerShell\v1.0\;C:\Program Files (x86)\Intel\Intel(R) Management Engine Components\DAL;C:\Program Files\Intel\Intel(R) Management Engine Components\DAL;C:\Program Files (x86)\Intel\Intel(R) Management Engine Components\IPT;C:\Program Files\Intel\Intel(R) Management Engine Components\IPT;C:\Program Files (x86)\NVIDIA Corporation\PhysX\Common;C:\Program Files\Intel\WiFi\bin\;C:\Program Files\Common Files\Intel\WirelessCommon\;D:\tools\developt\jdk\jdk1.8\BIN;D:\server\mysql-5.7.22-winx64\BIN;D:\tools\developt\Git\BIN;D:\tools\developt\gradle-4.9\BIN;D:\tools\developt\sencha cmd;D:\server\nodejs\BIN;D:\server\nodejs;D:\server\nodejs\;D:\server\httpd-2.4.34-o102o-x64-vc14\Apache24\bin;C:\WINDOWS\system32;C:\WINDOWS;C:\WINDOWS\System32\Wbem;C:\WINDOWS\System32\WindowsPowerShell\v1.0\;C:\WINDOWS\System32\OpenSSH\;C:\Program Files\Git\cmd;D:\tools\developt\Microsoft VS Code\bin;C:\Users\enixl\AppData\Local\Microsoft\WindowsApps;C:\Users\enixl\AppData\Roaming\npm;d:\tools\developt\sencha cmd\jre\bin
USERNAME=linzhenhuan
OS=Windows_NT
PROCESSOR_IDENTIFIER=Intel64 Family 6 Model 142 Stepping 10, GenuineIntel



---------------  S Y S T E M  ---------------

OS: Windows 10.0 , 64 bit Build 17134 (10.0.17134.1)

CPU:total 8 (4 cores per cpu, 2 threads per core) family 6 model 142 stepping 10, cmov, cx8, fxsr, mmx, sse, sse2, sse3, ssse3, sse4.1, sse4.2, popcnt, avx, avx2, aes, clmul, erms, 3dnowpref, lzcnt, ht, tsc, tscinvbit, bmi1, bmi2, adx

Memory: 4k page, physical 8268520k(1907456k free), swap 8268520k(5120k free)

vm_info: Java HotSpot(TM) 64-Bit Server VM (25.45-b02) for windows-amd64 JRE (1.8.0_45-b14), built on Apr 10 2015 10:34:15 by "java_re" with MS VC++ 10.0 (VS2010)

time: Thu Jan 10 21:21:54 2019
elapsed time: 2 seconds (0d 0h 0m 2s)

