#
# There is insufficient memory for the Java Runtime Environment to continue.
# Native memory allocation (malloc) failed to allocate 1296416 bytes for Chunk::new
# Possible reasons:
#   The system is out of physical RAM or swap space
#   In 32 bit mode, the process size limit was hit
# Possible solutions:
#   Reduce memory load on the system
#   Increase physical memory or swap space
#   Check if swap backing store is full
#   Use 64 bit Java on a 64 bit OS
#   Decrease Java heap size (-Xmx/-Xms)
#   Decrease number of Java threads
#   Decrease Java thread stack sizes (-Xss)
#   Set larger code cache with -XX:ReservedCodeCacheSize=
# This output file may be truncated or incomplete.
#
#  Out of Memory Error (allocation.cpp:390), pid=9524, tid=14372
#
# JRE version: Java(TM) SE Runtime Environment (8.0_45-b14) (build 1.8.0_45-b14)
# Java VM: Java HotSpot(TM) 64-Bit Server VM (25.45-b02 mixed mode windows-amd64 compressed oops)
# Failed to write core dump. Minidumps are not enabled by default on client versions of Windows
#

---------------  T H R E A D  ---------------

Current thread (0x00000000177dd000):  JavaThread "C2 CompilerThread1" daemon [_thread_in_native, id=14372, stack(0x0000000017e50000,0x0000000017f50000)]

Stack: [0x0000000017e50000,0x0000000017f50000]
Native frames: (J=compiled Java code, j=interpreted, Vv=VM code, C=native code)
V  [jvm.dll+0x32b57a]
V  [jvm.dll+0x279873]
V  [jvm.dll+0x27a509]
V  [jvm.dll+0x271825]
V  [jvm.dll+0xcb9e2]
V  [jvm.dll+0xcbeac]
V  [jvm.dll+0x476ef2]
V  [jvm.dll+0x4b955f]
V  [jvm.dll+0x46b6b5]
V  [jvm.dll+0x46ccbe]
V  [jvm.dll+0x4500f2]
V  [jvm.dll+0xa4352]
V  [jvm.dll+0xa4c8f]
V  [jvm.dll+0x241984]
V  [jvm.dll+0x29853a]
C  [MSVCR100.dll+0x21d9f]
C  [MSVCR100.dll+0x21e3b]
C  [KERNEL32.DLL+0x13034]
C  [ntdll.dll+0x73691]


Current CompileTask:
C2:   4006 4023   !   4       org.apache.tools.ant.AntTypeDefinition::getTypeClass (90 bytes)


---------------  P R O C E S S  ---------------

Java Threads: ( => current thread )
  0x000000001b255800 JavaThread "Thread-8" daemon [_thread_blocked, id=9816, stack(0x000000001bcb0000,0x000000001bdb0000)]
  0x0000000019b49800 JavaThread "Thread-7" daemon [_thread_blocked, id=16768, stack(0x000000001ba30000,0x000000001bb30000)]
  0x0000000018db9800 JavaThread "Thread-6" daemon [_thread_blocked, id=13468, stack(0x000000001b930000,0x000000001ba30000)]
  0x0000000019617000 JavaThread "Thread-5" daemon [_thread_blocked, id=18824, stack(0x000000001a860000,0x000000001a960000)]
  0x000000001977a800 JavaThread "Thread-4" daemon [_thread_blocked, id=9028, stack(0x000000001a5e0000,0x000000001a6e0000)]
  0x00000000196eb000 JavaThread "Thread-3" daemon [_thread_blocked, id=2788, stack(0x000000001a4e0000,0x000000001a5e0000)]
  0x0000000018f26800 JavaThread "Thread-2" daemon [_thread_blocked, id=12992, stack(0x000000001a3e0000,0x000000001a4e0000)]
  0x0000000018bde800 JavaThread "Thread-1" daemon [_thread_blocked, id=4284, stack(0x0000000019be0000,0x0000000019ce0000)]
  0x0000000017873000 JavaThread "Service Thread" daemon [_thread_blocked, id=2436, stack(0x0000000018150000,0x0000000018250000)]
  0x00000000177f0800 JavaThread "C1 CompilerThread3" daemon [_thread_blocked, id=16436, stack(0x0000000018050000,0x0000000018150000)]
  0x00000000177e2800 JavaThread "C2 CompilerThread2" daemon [_thread_in_native, id=14740, stack(0x0000000017f50000,0x0000000018050000)]
=>0x00000000177dd000 JavaThread "C2 CompilerThread1" daemon [_thread_in_native, id=14372, stack(0x0000000017e50000,0x0000000017f50000)]
  0x00000000177d6000 JavaThread "C2 CompilerThread0" daemon [_thread_in_native, id=15072, stack(0x0000000017d50000,0x0000000017e50000)]
  0x00000000177d4800 JavaThread "Attach Listener" daemon [_thread_blocked, id=15104, stack(0x0000000017c50000,0x0000000017d50000)]
  0x00000000177d4000 JavaThread "Signal Dispatcher" daemon [_thread_blocked, id=7424, stack(0x0000000017b50000,0x0000000017c50000)]
  0x00000000028d5000 JavaThread "Finalizer" daemon [_thread_blocked, id=17004, stack(0x0000000017640000,0x0000000017740000)]
  0x00000000028d4000 JavaThread "Reference Handler" daemon [_thread_blocked, id=14928, stack(0x0000000017540000,0x0000000017640000)]
  0x000000000279e800 JavaThread "main" [_thread_in_Java, id=13520, stack(0x0000000000800000,0x0000000000900000)]

Other Threads:
  0x0000000015769800 VMThread [stack: 0x0000000017440000,0x0000000017540000] [id=9952]
  0x0000000017885000 WatcherThread [stack: 0x0000000018250000,0x0000000018350000] [id=8928]

VM state:not at safepoint (normal execution)

VM Mutex/Monitor currently owned by a thread: None

Heap:
 PSYoungGen      total 150528K, used 22009K [0x00000000eab00000, 0x00000000f5500000, 0x0000000100000000)
  eden space 130048K, 16% used [0x00000000eab00000,0x00000000ec07e7e0,0x00000000f2a00000)
  from space 20480K, 0% used [0x00000000f2a00000,0x00000000f2a00000,0x00000000f3e00000)
  to   space 17408K, 0% used [0x00000000f3e00000,0x00000000f3e00000,0x00000000f4f00000)
 ParOldGen       total 101888K, used 39752K [0x00000000c0000000, 0x00000000c6380000, 0x00000000eab00000)
  object space 101888K, 39% used [0x00000000c0000000,0x00000000c26d20c8,0x00000000c6380000)
 Metaspace       used 23607K, capacity 24615K, committed 24832K, reserved 1071104K
  class space    used 2877K, capacity 3310K, committed 3328K, reserved 1048576K

Card table byte_map: [0x0000000012010000,0x0000000012220000] byte_map_base: 0x0000000011a10000

Marking Bits: (ParMarkBitMap*) 0x0000000077104040
 Begin Bits: [0x0000000012b80000, 0x0000000013b80000)
 End Bits:   [0x0000000013b80000, 0x0000000014b80000)

Polling page: 0x0000000000920000

CodeCache: size=245760Kb used=14969Kb max_used=14969Kb free=230790Kb
 bounds [0x0000000002c50000, 0x0000000003b00000, 0x0000000011c50000]
 total_blobs=4515 nmethods=4051 adapters=376
 compilation: enabled

Compilation events (10 events):
Event: 3.979 Thread 0x00000000177f0800 nmethod 4060 0x0000000003adec50 code [0x0000000003adf000, 0x0000000003ae0e88]
Event: 3.979 Thread 0x00000000177f0800 4064       3       com.google.gson.stream.JsonWriter::setSerializeNulls (6 bytes)
Event: 3.979 Thread 0x00000000177f0800 nmethod 4064 0x0000000003ab7250 code [0x0000000003ab73a0, 0x0000000003ab74f0]
Event: 3.979 Thread 0x00000000177f0800 4061       1       com.google.gson.stream.JsonWriter::isLenient (5 bytes)
Event: 3.979 Thread 0x00000000177f0800 nmethod 4061 0x0000000003ab6f90 code [0x0000000003ab70e0, 0x0000000003ab71f0]
Event: 3.979 Thread 0x00000000177f0800 4062       1       com.google.gson.stream.JsonWriter::isHtmlSafe (5 bytes)
Event: 3.979 Thread 0x00000000177f0800 nmethod 4062 0x0000000003ab6cd0 code [0x0000000003ab6e20, 0x0000000003ab6f30]
Event: 3.979 Thread 0x00000000177f0800 4063       1       com.google.gson.stream.JsonWriter::getSerializeNulls (5 bytes)
Event: 3.979 Thread 0x00000000177f0800 nmethod 4063 0x0000000003ab6a10 code [0x0000000003ab6b60, 0x0000000003ab6c70]
Event: 3.979 Thread 0x00000000177f0800 4041       3       com.sencha.ant.ScriptTask::<init> (38 bytes)

GC Heap History (10 events):
Event: 1.754 GC heap before
{Heap before GC invocations=4 (full 0):
 PSYoungGen      total 38400K, used 38397K [0x00000000eab00000, 0x00000000ef600000, 0x0000000100000000)
  eden space 33280K, 100% used [0x00000000eab00000,0x00000000ecb80000,0x00000000ecb80000)
  from space 5120K, 99% used [0x00000000ecb80000,0x00000000ed07f790,0x00000000ed080000)
  to   space 5120K, 0% used [0x00000000ef100000,0x00000000ef100000,0x00000000ef600000)
 ParOldGen       total 87552K, used 11047K [0x00000000c0000000, 0x00000000c5580000, 0x00000000eab00000)
  object space 87552K, 12% used [0x00000000c0000000,0x00000000c0ac9e98,0x00000000c5580000)
 Metaspace       used 15634K, capacity 15872K, committed 16000K, reserved 1062912K
  class space    used 1797K, capacity 1858K, committed 1920K, reserved 1048576K
Event: 1.763 GC heap after
Heap after GC invocations=4 (full 0):
 PSYoungGen      total 71680K, used 5099K [0x00000000eab00000, 0x00000000ef600000, 0x0000000100000000)
  eden space 66560K, 0% used [0x00000000eab00000,0x00000000eab00000,0x00000000eec00000)
  from space 5120K, 99% used [0x00000000ef100000,0x00000000ef5faee0,0x00000000ef600000)
  to   space 5120K, 0% used [0x00000000eec00000,0x00000000eec00000,0x00000000ef100000)
 ParOldGen       total 87552K, used 16896K [0x00000000c0000000, 0x00000000c5580000, 0x00000000eab00000)
  object space 87552K, 19% used [0x00000000c0000000,0x00000000c1080208,0x00000000c5580000)
 Metaspace       used 15634K, capacity 15872K, committed 16000K, reserved 1062912K
  class space    used 1797K, capacity 1858K, committed 1920K, reserved 1048576K
}
Event: 2.145 GC heap before
{Heap before GC invocations=5 (full 0):
 PSYoungGen      total 71680K, used 71659K [0x00000000eab00000, 0x00000000ef600000, 0x0000000100000000)
  eden space 66560K, 100% used [0x00000000eab00000,0x00000000eec00000,0x00000000eec00000)
  from space 5120K, 99% used [0x00000000ef100000,0x00000000ef5faee0,0x00000000ef600000)
  to   space 5120K, 0% used [0x00000000eec00000,0x00000000eec00000,0x00000000ef100000)
 ParOldGen       total 87552K, used 16896K [0x00000000c0000000, 0x00000000c5580000, 0x00000000eab00000)
  object space 87552K, 19% used [0x00000000c0000000,0x00000000c1080208,0x00000000c5580000)
 Metaspace       used 15948K, capacity 16194K, committed 16256K, reserved 1062912K
  class space    used 1804K, capacity 1869K, committed 1920K, reserved 1048576K
Event: 2.161 GC heap after
Heap after GC invocations=5 (full 0):
 PSYoungGen      total 71680K, used 5114K [0x00000000eab00000, 0x00000000f4f00000, 0x0000000100000000)
  eden space 66560K, 0% used [0x00000000eab00000,0x00000000eab00000,0x00000000eec00000)
  from space 5120K, 99% used [0x00000000eec00000,0x00000000ef0fe900,0x00000000ef100000)
  to   space 17408K, 0% used [0x00000000f3e00000,0x00000000f3e00000,0x00000000f4f00000)
 ParOldGen       total 87552K, used 28955K [0x00000000c0000000, 0x00000000c5580000, 0x00000000eab00000)
  object space 87552K, 33% used [0x00000000c0000000,0x00000000c1c46ee8,0x00000000c5580000)
 Metaspace       used 15948K, capacity 16194K, committed 16256K, reserved 1062912K
  class space    used 1804K, capacity 1869K, committed 1920K, reserved 1048576K
}
Event: 2.472 GC heap before
{Heap before GC invocations=6 (full 0):
 PSYoungGen      total 71680K, used 71674K [0x00000000eab00000, 0x00000000f4f00000, 0x0000000100000000)
  eden space 66560K, 100% used [0x00000000eab00000,0x00000000eec00000,0x00000000eec00000)
  from space 5120K, 99% used [0x00000000eec00000,0x00000000ef0fe900,0x00000000ef100000)
  to   space 17408K, 0% used [0x00000000f3e00000,0x00000000f3e00000,0x00000000f4f00000)
 ParOldGen       total 87552K, used 28955K [0x00000000c0000000, 0x00000000c5580000, 0x00000000eab00000)
  object space 87552K, 33% used [0x00000000c0000000,0x00000000c1c46ee8,0x00000000c5580000)
 Metaspace       used 16073K, capacity 16394K, committed 16512K, reserved 1064960K
  class space    used 1811K, capacity 1881K, committed 1920K, reserved 1048576K
Event: 2.490 GC heap after
Heap after GC invocations=6 (full 0):
 PSYoungGen      total 147456K, used 17395K [0x00000000eab00000, 0x00000000f5500000, 0x0000000100000000)
  eden space 130048K, 0% used [0x00000000eab00000,0x00000000eab00000,0x00000000f2a00000)
  from space 17408K, 99% used [0x00000000f3e00000,0x00000000f4efcd10,0x00000000f4f00000)
  to   space 20480K, 0% used [0x00000000f2a00000,0x00000000f2a00000,0x00000000f3e00000)
 ParOldGen       total 87552K, used 30151K [0x00000000c0000000, 0x00000000c5580000, 0x00000000eab00000)
  object space 87552K, 34% used [0x00000000c0000000,0x00000000c1d71cf0,0x00000000c5580000)
 Metaspace       used 16073K, capacity 16394K, committed 16512K, reserved 1064960K
  class space    used 1811K, capacity 1881K, committed 1920K, reserved 1048576K
}
Event: 3.464 GC heap before
{Heap before GC invocations=7 (full 0):
 PSYoungGen      total 147456K, used 108158K [0x00000000eab00000, 0x00000000f5500000, 0x0000000100000000)
  eden space 130048K, 69% used [0x00000000eab00000,0x00000000f03a2c88,0x00000000f2a00000)
  from space 17408K, 99% used [0x00000000f3e00000,0x00000000f4efcd10,0x00000000f4f00000)
  to   space 20480K, 0% used [0x00000000f2a00000,0x00000000f2a00000,0x00000000f3e00000)
 ParOldGen       total 87552K, used 30151K [0x00000000c0000000, 0x00000000c5580000, 0x00000000eab00000)
  object space 87552K, 34% used [0x00000000c0000000,0x00000000c1d71cf0,0x00000000c5580000)
 Metaspace       used 20611K, capacity 21229K, committed 21296K, reserved 1069056K
  class space    used 2419K, capacity 2688K, committed 2688K, reserved 1048576K
Event: 3.492 GC heap after
Heap after GC invocations=7 (full 0):
 PSYoungGen      total 150528K, used 20451K [0x00000000eab00000, 0x00000000f5500000, 0x0000000100000000)
  eden space 130048K, 0% used [0x00000000eab00000,0x00000000eab00000,0x00000000f2a00000)
  from space 20480K, 99% used [0x00000000f2a00000,0x00000000f3df8f30,0x00000000f3e00000)
  to   space 17408K, 0% used [0x00000000f3e00000,0x00000000f3e00000,0x00000000f4f00000)
 ParOldGen       total 87552K, used 36772K [0x00000000c0000000, 0x00000000c5580000, 0x00000000eab00000)
  object space 87552K, 42% used [0x00000000c0000000,0x00000000c23e9040,0x00000000c5580000)
 Metaspace       used 20611K, capacity 21229K, committed 21296K, reserved 1069056K
  class space    used 2419K, capacity 2688K, committed 2688K, reserved 1048576K
}
Event: 3.492 GC heap before
{Heap before GC invocations=8 (full 1):
 PSYoungGen      total 150528K, used 20451K [0x00000000eab00000, 0x00000000f5500000, 0x0000000100000000)
  eden space 130048K, 0% used [0x00000000eab00000,0x00000000eab00000,0x00000000f2a00000)
  from space 20480K, 99% used [0x00000000f2a00000,0x00000000f3df8f30,0x00000000f3e00000)
  to   space 17408K, 0% used [0x00000000f3e00000,0x00000000f3e00000,0x00000000f4f00000)
 ParOldGen       total 87552K, used 36772K [0x00000000c0000000, 0x00000000c5580000, 0x00000000eab00000)
  object space 87552K, 42% used [0x00000000c0000000,0x00000000c23e9040,0x00000000c5580000)
 Metaspace       used 20611K, capacity 21229K, committed 21296K, reserved 1069056K
  class space    used 2419K, capacity 2688K, committed 2688K, reserved 1048576K
Event: 3.607 GC heap after
Heap after GC invocations=8 (full 1):
 PSYoungGen      total 150528K, used 0K [0x00000000eab00000, 0x00000000f5500000, 0x0000000100000000)
  eden space 130048K, 0% used [0x00000000eab00000,0x00000000eab00000,0x00000000f2a00000)
  from space 20480K, 0% used [0x00000000f2a00000,0x00000000f2a00000,0x00000000f3e00000)
  to   space 17408K, 0% used [0x00000000f3e00000,0x00000000f3e00000,0x00000000f4f00000)
 ParOldGen       total 101888K, used 39752K [0x00000000c0000000, 0x00000000c6380000, 0x00000000eab00000)
  object space 101888K, 39% used [0x00000000c0000000,0x00000000c26d20c8,0x00000000c6380000)
 Metaspace       used 20607K, capacity 21223K, committed 21296K, reserved 1069056K
  class space    used 2418K, capacity 2687K, committed 2688K, reserved 1048576K
}

Deoptimization events (10 events):
Event: 3.792 Thread 0x000000000279e800 Uncommon trap: reason=unstable_if action=reinterpret pc=0x00000000038ff790 method=jdk.internal.org.objectweb.asm.ClassWriter.put(Ljdk/internal/org/objectweb/asm/Item;)V @ 13
Event: 3.794 Thread 0x000000000279e800 Uncommon trap: reason=class_check action=maybe_recompile pc=0x00000000033de6a8 method=java.lang.reflect.Field.set(Ljava/lang/Object;Ljava/lang/Object;)V @ 46
Event: 3.794 Thread 0x000000000279e800 Uncommon trap: reason=class_check action=maybe_recompile pc=0x00000000033de6a8 method=java.lang.reflect.Field.set(Ljava/lang/Object;Ljava/lang/Object;)V @ 46
Event: 3.849 Thread 0x000000000279e800 Uncommon trap: reason=bimorphic action=maybe_recompile pc=0x00000000035b3578 method=java.util.concurrent.ConcurrentHashMap.putVal(Ljava/lang/Object;Ljava/lang/Object;Z)Ljava/lang/Object; @ 192
Event: 3.850 Thread 0x000000000279e800 Uncommon trap: reason=bimorphic action=maybe_recompile pc=0x00000000035b3578 method=java.util.concurrent.ConcurrentHashMap.putVal(Ljava/lang/Object;Ljava/lang/Object;Z)Ljava/lang/Object; @ 192
Event: 3.850 Thread 0x000000000279e800 Uncommon trap: reason=bimorphic action=maybe_recompile pc=0x00000000035b3578 method=java.util.concurrent.ConcurrentHashMap.putVal(Ljava/lang/Object;Ljava/lang/Object;Z)Ljava/lang/Object; @ 192
Event: 3.874 Thread 0x000000000279e800 Uncommon trap: reason=bimorphic action=maybe_recompile pc=0x0000000003040e5c method=java.lang.StringCoding$StringDecoder.charsetName()Ljava/lang/String; @ 17
Event: 3.949 Thread 0x000000000279e800 Uncommon trap: reason=unstable_if action=reinterpret pc=0x000000000340a32c method=java.lang.StringBuffer.toString()Ljava/lang/String; @ 4
Event: 3.964 Thread 0x000000000279e800 Uncommon trap: reason=bimorphic action=maybe_recompile pc=0x0000000003040e5c method=java.lang.StringCoding$StringDecoder.charsetName()Ljava/lang/String; @ 17
Event: 3.964 Thread 0x000000000279e800 Uncommon trap: reason=unstable_if action=reinterpret pc=0x00000000032af914 method=com.sencha.util.Configuration.setNewProperty(Ljava/lang/String;Ljava/lang/Object;Z)Z @ 43

Internal exceptions (10 events):
Event: 1.306 Thread 0x000000000279e800 Implicit null exception at 0x0000000003038e9d to 0x00000000030391cd
Event: 1.306 Thread 0x000000000279e800 Implicit null exception at 0x000000000311b928 to 0x000000000311d1ad
Event: 1.306 Thread 0x000000000279e800 Implicit null exception at 0x0000000003111456 to 0x0000000003111661
Event: 1.973 Thread 0x0000000018db9800 Implicit null exception at 0x000000000353d72f to 0x000000000353f865
Event: 2.863 Thread 0x0000000018db9800 Implicit null exception at 0x0000000003154d62 to 0x000000000315523d
Event: 2.863 Thread 0x0000000018db9800 Implicit null exception at 0x0000000002e519d6 to 0x0000000002e51d01
Event: 2.888 Thread 0x000000001b255800 Exception <a 'java/lang/ClassNotFoundException': org/apache/tools/ant/helper/DefaultExecutor> (0x00000000ee7ac6a0) thrown at [C:\re\workspace\8-2-build-windows-amd64-cygwin\jdk8u45\3457\hotspot\src\share\vm\classfile\systemDictionary.cpp, line 210]
Event: 2.914 Thread 0x000000000279e800 Exception <a 'java/lang/ClassNotFoundException': org/apache/tools/ant/helper/DefaultExecutor> (0x00000000ee7be2e0) thrown at [C:\re\workspace\8-2-build-windows-amd64-cygwin\jdk8u45\3457\hotspot\src\share\vm\classfile\systemDictionary.cpp, line 210]
Event: 3.157 Thread 0x000000000279e800 Exception <a 'java/lang/NoSuchFieldError': method resolution failed> (0x00000000ef6f4bf0) thrown at [C:\re\workspace\8-2-build-windows-amd64-cygwin\jdk8u45\3457\hotspot\src\share\vm\prims\methodHandles.cpp, line 1125]
Event: 3.158 Thread 0x000000000279e800 Exception <a 'java/lang/NoSuchFieldError': method resolution failed> (0x00000000ef703b60) thrown at [C:\re\workspace\8-2-build-windows-amd64-cygwin\jdk8u45\3457\hotspot\src\share\vm\prims\methodHandles.cpp, line 1125]

Events (10 events):
Event: 3.959 loading class com/sencha/ant/ClassPathExtender$Jar
Event: 3.959 loading class com/sencha/ant/ClassPathExtender$Jar done
Event: 3.960 loading class com/sencha/ant/ClassPathExtender$1
Event: 3.960 loading class com/sencha/ant/ClassPathExtender$1 done
Event: 3.964 Thread 0x000000000279e800 Uncommon trap: trap_request=0xffffffc6 fr.pc=0x0000000003040e5c
Event: 3.964 Thread 0x000000000279e800 DEOPT PACKING pc=0x0000000003040e5c sp=0x00000000008fb370
Event: 3.964 Thread 0x000000000279e800 DEOPT UNPACKING pc=0x0000000002c9582a sp=0x00000000008fb258 mode 2
Event: 3.964 Thread 0x000000000279e800 Uncommon trap: trap_request=0xffffff65 fr.pc=0x00000000032af914
Event: 3.964 Thread 0x000000000279e800 DEOPT PACKING pc=0x00000000032af914 sp=0x00000000008fb3d0
Event: 3.964 Thread 0x000000000279e800 DEOPT UNPACKING pc=0x0000000002c9582a sp=0x00000000008fb3b0 mode 2


Dynamic libraries:
0x00007ff705e60000 - 0x00007ff705ed4000 	D:\tools\developt\sencha cmd\sencha.exe
0x00007ffc08e60000 - 0x00007ffc09041000 	C:\WINDOWS\SYSTEM32\ntdll.dll
0x00007ffc06400000 - 0x00007ffc064b2000 	C:\WINDOWS\System32\KERNEL32.DLL
0x00007ffc05960000 - 0x00007ffc05bd3000 	C:\WINDOWS\System32\KERNELBASE.dll
0x00007ffc06610000 - 0x00007ffc067a0000 	C:\WINDOWS\System32\USER32.dll
0x00007ffc058a0000 - 0x00007ffc058c0000 	C:\WINDOWS\System32\win32u.dll
0x00007ffc08c40000 - 0x00007ffc08c68000 	C:\WINDOWS\System32\GDI32.dll
0x00007ffc05230000 - 0x00007ffc053c2000 	C:\WINDOWS\System32\gdi32full.dll
0x00007ffc058c0000 - 0x00007ffc0595f000 	C:\WINDOWS\System32\msvcp_win.dll
0x00007ffc05670000 - 0x00007ffc0576a000 	C:\WINDOWS\System32\ucrtbase.dll
0x00007ffc08d60000 - 0x00007ffc08e01000 	C:\WINDOWS\System32\ADVAPI32.dll
0x00007ffc06300000 - 0x00007ffc0639e000 	C:\WINDOWS\System32\msvcrt.dll
0x00007ffc063a0000 - 0x00007ffc063fb000 	C:\WINDOWS\System32\sechost.dll
0x00007ffc08a20000 - 0x00007ffc08b44000 	C:\WINDOWS\System32\RPCRT4.dll
0x00007ffc08bb0000 - 0x00007ffc08bdd000 	C:\WINDOWS\System32\IMM32.DLL
0x00007ffbf7200000 - 0x00007ffbf7469000 	C:\WINDOWS\WinSxS\amd64_microsoft.windows.common-controls_6595b64144ccf1df_6.0.17134.472_none_fb3f9af53068156d\comctl32.dll
0x00007ffc067a0000 - 0x00007ffc06ac2000 	C:\WINDOWS\System32\combase.dll
0x00007ffc05770000 - 0x00007ffc057ea000 	C:\WINDOWS\System32\bcryptPrimitives.dll
0x0000000076900000 - 0x0000000077183000 	d:\tools\developt\sencha cmd\jre\bin\server\jvm.dll
0x00007ffc064c0000 - 0x00007ffc064c8000 	C:\WINDOWS\System32\PSAPI.DLL
0x00007ffbf1b30000 - 0x00007ffbf1b39000 	C:\WINDOWS\SYSTEM32\WSOCK32.dll
0x00007ffbf8b90000 - 0x00007ffbf8b9a000 	C:\WINDOWS\SYSTEM32\VERSION.dll
0x00007ffc00b50000 - 0x00007ffc00b73000 	C:\WINDOWS\SYSTEM32\WINMM.dll
0x00007ffc065a0000 - 0x00007ffc0660c000 	C:\WINDOWS\System32\WS2_32.dll
0x00000000506b0000 - 0x0000000050782000 	C:\WINDOWS\SYSTEM32\MSVCR100.dll
0x00007ffc00b20000 - 0x00007ffc00b4a000 	C:\WINDOWS\SYSTEM32\WINMMBASE.dll
0x00007ffc057f0000 - 0x00007ffc05839000 	C:\WINDOWS\System32\cfgmgr32.dll
0x0000000050c50000 - 0x0000000050c5f000 	d:\tools\developt\sencha cmd\jre\bin\verify.dll
0x0000000050aa0000 - 0x0000000050ac9000 	d:\tools\developt\sencha cmd\jre\bin\java.dll
0x0000000050690000 - 0x00000000506a6000 	d:\tools\developt\sencha cmd\jre\bin\zip.dll
0x00007ffc06d90000 - 0x00007ffc081d0000 	C:\WINDOWS\System32\SHELL32.dll
0x00007ffc06ce0000 - 0x00007ffc06d89000 	C:\WINDOWS\System32\shcore.dll
0x00007ffc05be0000 - 0x00007ffc062ed000 	C:\WINDOWS\System32\windows.storage.dll
0x00007ffc06ae0000 - 0x00007ffc06b31000 	C:\WINDOWS\System32\shlwapi.dll
0x00007ffc05200000 - 0x00007ffc05211000 	C:\WINDOWS\System32\kernel.appcore.dll
0x00007ffc05190000 - 0x00007ffc051af000 	C:\WINDOWS\System32\profapi.dll
0x00007ffc051b0000 - 0x00007ffc051fc000 	C:\WINDOWS\System32\powrprof.dll
0x00007ffc05220000 - 0x00007ffc0522a000 	C:\WINDOWS\System32\FLTLIB.DLL
0x0000000180000000 - 0x000000018002e000 	D:\tools\developt\sencha cmd\.install4j\i4jinst.dll
0x00007ffc08350000 - 0x00007ffc084a1000 	C:\WINDOWS\System32\ole32.dll
0x00007ffc064d0000 - 0x00007ffc06592000 	C:\WINDOWS\System32\OLEAUT32.dll
0x0000000050680000 - 0x000000005068d000 	D:\tools\developt\sencha cmd\jre\bin\management.dll
0x00007ffc00fc0000 - 0x00007ffc00fc9000 	C:\Users\enixl\AppData\Local\Temp\jansi-64-1.9.dll
0x00000000505d0000 - 0x0000000050673000 	C:\WINDOWS\WinSxS\amd64_microsoft.vc90.crt_1fc8b3b9a1e18e3b_9.0.30729.9415_none_08e0c10ba840a28a\MSVCR90.dll
0x00000000505b0000 - 0x00000000505ca000 	D:\tools\developt\sencha cmd\jre\bin\net.dll
0x00007ffc049f0000 - 0x00007ffc04a56000 	C:\WINDOWS\system32\mswsock.dll
0x0000000050590000 - 0x00000000505a1000 	D:\tools\developt\sencha cmd\jre\bin\nio.dll
0x00007ffc03bc0000 - 0x00007ffc03d89000 	C:\WINDOWS\SYSTEM32\dbghelp.dll

VM Arguments:
jvm_args: -Dexe4j.semaphoreName=Local\d:_tools_developt_sencha_cmd_sencha.exe0 -Dexe4j.isInstall4j=true -Dexe4j.moduleName=D:\tools\developt\sencha cmd\sencha.exe -Dexe4j.tempDir= -Dexe4j.unextractedPosition=0 -Djava.library.path=C:\Program Files (x86)\Intel\Intel(R) Management Engine Components\iCLS\;C:\Program Files\Intel\Intel(R) Management Engine Components\iCLS\;C:\Windows\system32;C:\Windows;C:\Windows\System32\Wbem;C:\Windows\System32\WindowsPowerShell\v1.0\;C:\Program Files (x86)\Intel\Intel(R) Management Engine Components\DAL;C:\Program Files\Intel\Intel(R) Management Engine Components\DAL;C:\Program Files (x86)\Intel\Intel(R) Management Engine Components\IPT;C:\Program Files\Intel\Intel(R) Management Engine Components\IPT;C:\Program Files (x86)\NVIDIA Corporation\PhysX\Common;C:\Program Files\Intel\WiFi\bin\;C:\Program Files\Common Files\Intel\WirelessCommon\;D:\tools\developt\jdk\jdk1.8\BIN;D:\server\mysql-5.7.22-winx64\BIN;D:\tools\developt\Git\BIN;D:\tools\developt\gradle-4.9\BIN;D:\tools\developt\sencha cmd;D:\server\nodejs\BIN;D:\server\nodejs;D:\server\nodejs\;D:\server\httpd-2.4.34-o102o-x64-vc14\Apache24\bin;C:\WINDOWS\system32;C:\WINDOWS;C:\WINDOWS\System32\Wbem;C:\WINDOWS\System32\WindowsPowerShell\v1.0\;C:\WINDOWS\System32\OpenSSH\;C:\Program Files\Git\cmd;D:\tools\developt\Microsoft VS Code\bin;C:\Users\enixl\AppData\Local\Microsoft\WindowsApps;C:\Users\enixl\AppData\Roaming\npm;d:\tools\developt\sencha cmd\jre\bin -Dexe4j.consoleCodepage=cp936 -Dinstall4j.launcherId=159 -Dinstall4j.swt=false -Xms128m -Xmx1024m -Dapple.awt.UIElement=true 
java_command: D:\tools\developt\sencha cmd\sencha.exe
java_class_path (initial): D:\tools\developt\sencha cmd\.install4j\i4jruntime.jar;D:\tools\developt\sencha cmd\.\sencha.jar
Launcher Type: generic

Environment Variables:
JAVA_HOME=D:\tools\developt\jdk\jdk1.8
PATH=C:\Program Files (x86)\Intel\Intel(R) Management Engine Components\iCLS\;C:\Program Files\Intel\Intel(R) Management Engine Components\iCLS\;C:\Windows\system32;C:\Windows;C:\Windows\System32\Wbem;C:\Windows\System32\WindowsPowerShell\v1.0\;C:\Program Files (x86)\Intel\Intel(R) Management Engine Components\DAL;C:\Program Files\Intel\Intel(R) Management Engine Components\DAL;C:\Program Files (x86)\Intel\Intel(R) Management Engine Components\IPT;C:\Program Files\Intel\Intel(R) Management Engine Components\IPT;C:\Program Files (x86)\NVIDIA Corporation\PhysX\Common;C:\Program Files\Intel\WiFi\bin\;C:\Program Files\Common Files\Intel\WirelessCommon\;D:\tools\developt\jdk\jdk1.8\BIN;D:\server\mysql-5.7.22-winx64\BIN;D:\tools\developt\Git\BIN;D:\tools\developt\gradle-4.9\BIN;D:\tools\developt\sencha cmd;D:\server\nodejs\BIN;D:\server\nodejs;D:\server\nodejs\;D:\server\httpd-2.4.34-o102o-x64-vc14\Apache24\bin;C:\WINDOWS\system32;C:\WINDOWS;C:\WINDOWS\System32\Wbem;C:\WINDOWS\System32\WindowsPowerShell\v1.0\;C:\WINDOWS\System32\OpenSSH\;C:\Program Files\Git\cmd;D:\tools\developt\Microsoft VS Code\bin;C:\Users\enixl\AppData\Local\Microsoft\WindowsApps;C:\Users\enixl\AppData\Roaming\npm;d:\tools\developt\sencha cmd\jre\bin
USERNAME=linzhenhuan
OS=Windows_NT
PROCESSOR_IDENTIFIER=Intel64 Family 6 Model 142 Stepping 10, GenuineIntel



---------------  S Y S T E M  ---------------

OS: Windows 10.0 , 64 bit Build 17134 (10.0.17134.1)

CPU:total 8 (4 cores per cpu, 2 threads per core) family 6 model 142 stepping 10, cmov, cx8, fxsr, mmx, sse, sse2, sse3, ssse3, sse4.1, sse4.2, popcnt, avx, avx2, aes, clmul, erms, 3dnowpref, lzcnt, ht, tsc, tscinvbit, bmi1, bmi2, adx

Memory: 4k page, physical 8268520k(1531448k free), swap 8268520k(4376k free)

vm_info: Java HotSpot(TM) 64-Bit Server VM (25.45-b02) for windows-amd64 JRE (1.8.0_45-b14), built on Apr 10 2015 10:34:15 by "java_re" with MS VC++ 10.0 (VS2010)

time: Sat Jan 12 13:57:21 2019
elapsed time: 4 seconds (0d 0h 0m 4s)

