#
# There is insufficient memory for the Java Runtime Environment to continue.
# Native memory allocation (malloc) failed to allocate 1355136 bytes for Chunk::new
# Possible reasons:
#   The system is out of physical RAM or swap space
#   In 32 bit mode, the process size limit was hit
# Possible solutions:
#   Reduce memory load on the system
#   Increase physical memory or swap space
#   Check if swap backing store is full
#   Use 64 bit Java on a 64 bit OS
#   Decrease Java heap size (-Xmx/-Xms)
#   Decrease number of Java threads
#   Decrease Java thread stack sizes (-Xss)
#   Set larger code cache with -XX:ReservedCodeCacheSize=
# This output file may be truncated or incomplete.
#
#  Out of Memory Error (allocation.cpp:390), pid=8088, tid=4184
#
# JRE version: Java(TM) SE Runtime Environment (8.0_45-b14) (build 1.8.0_45-b14)
# Java VM: Java HotSpot(TM) 64-Bit Server VM (25.45-b02 mixed mode windows-amd64 compressed oops)
# Failed to write core dump. Minidumps are not enabled by default on client versions of Windows
#

---------------  T H R E A D  ---------------

Current thread (0x0000000017ebc000):  JavaThread "C2 CompilerThread0" daemon [_thread_in_native, id=4184, stack(0x0000000018430000,0x0000000018530000)]

Stack: [0x0000000018430000,0x0000000018530000]
Native frames: (J=compiled Java code, j=interpreted, Vv=VM code, C=native code)
V  [jvm.dll+0x32b57a]
V  [jvm.dll+0x279873]
V  [jvm.dll+0x27a509]
V  [jvm.dll+0x271825]
V  [jvm.dll+0xcb9e2]
V  [jvm.dll+0xcbeac]
V  [jvm.dll+0x476ef2]
V  [jvm.dll+0x4b955f]
V  [jvm.dll+0x46bf81]
V  [jvm.dll+0x46ccbe]
V  [jvm.dll+0x4500f2]
V  [jvm.dll+0xa4352]
V  [jvm.dll+0xa4c8f]
V  [jvm.dll+0x241984]
V  [jvm.dll+0x29853a]
C  [MSVCR100.dll+0x21d9f]
C  [MSVCR100.dll+0x21e3b]
C  [KERNEL32.DLL+0x13034]
C  [ntdll.dll+0x73691]


Current CompileTask:
C2:   6897 2815   !   4       org.mozilla.javascript.TokenStream::getToken (2447 bytes)


---------------  P R O C E S S  ---------------

Java Threads: ( => current thread )
  0x0000000019b74000 JavaThread "Thread-8" daemon [_thread_blocked, id=236, stack(0x000000001bfe0000,0x000000001c0e0000)]
  0x0000000019b6f800 JavaThread "Thread-7" daemon [_thread_blocked, id=1820, stack(0x000000001bee0000,0x000000001bfe0000)]
  0x0000000019b73800 JavaThread "Thread-6" daemon [_thread_blocked, id=6124, stack(0x000000001bde0000,0x000000001bee0000)]
  0x0000000019b72800 JavaThread "Thread-5" daemon [_thread_blocked, id=13428, stack(0x000000001bce0000,0x000000001bde0000)]
  0x0000000019b76800 JavaThread "Thread-4" daemon [_thread_blocked, id=14124, stack(0x000000001ac10000,0x000000001ad10000)]
  0x0000000017eb5800 JavaThread "Keep-Alive-Timer" daemon [_thread_blocked, id=1508, stack(0x000000001ab10000,0x000000001ac10000)]
  0x0000000017eb5000 JavaThread "Thread-3" daemon [_thread_blocked, id=1372, stack(0x000000001aa10000,0x000000001ab10000)]
  0x0000000017eb4000 JavaThread "Thread-2" daemon [_thread_blocked, id=5056, stack(0x000000001a910000,0x000000001aa10000)]
  0x0000000017eb3800 JavaThread "Thread-1" daemon [_thread_blocked, id=11960, stack(0x000000001a200000,0x000000001a300000)]
  0x0000000017eb9800 JavaThread "Service Thread" daemon [_thread_blocked, id=9004, stack(0x0000000018830000,0x0000000018930000)]
  0x0000000017eb8800 JavaThread "C1 CompilerThread3" daemon [_thread_in_vm, id=3276, stack(0x0000000018730000,0x0000000018830000)]
  0x0000000017eb8000 JavaThread "C2 CompilerThread2" daemon [_thread_in_native, id=15144, stack(0x0000000018630000,0x0000000018730000)]
  0x0000000017ebe800 JavaThread "C2 CompilerThread1" daemon [_thread_in_native, id=9520, stack(0x0000000018530000,0x0000000018630000)]
=>0x0000000017ebc000 JavaThread "C2 CompilerThread0" daemon [_thread_in_native, id=4184, stack(0x0000000018430000,0x0000000018530000)]
  0x0000000017eb7000 JavaThread "Attach Listener" daemon [_thread_blocked, id=16056, stack(0x0000000018330000,0x0000000018430000)]
  0x0000000017eb6800 JavaThread "Signal Dispatcher" daemon [_thread_blocked, id=14832, stack(0x0000000018230000,0x0000000018330000)]
  0x000000000333a000 JavaThread "Finalizer" daemon [_thread_blocked, id=13368, stack(0x0000000017d30000,0x0000000017e30000)]
  0x0000000015e5d000 JavaThread "Reference Handler" daemon [_thread_blocked, id=14680, stack(0x0000000017c30000,0x0000000017d30000)]
  0x000000000323e800 JavaThread "main" [_thread_in_Java, id=2624, stack(0x0000000000b00000,0x0000000000c00000)]

Other Threads:
  0x0000000015e59000 VMThread [stack: 0x0000000017b30000,0x0000000017c30000] [id=7412]
  0x0000000017f65800 WatcherThread [stack: 0x0000000018930000,0x0000000018a30000] [id=13376]

VM state:not at safepoint (normal execution)

VM Mutex/Monitor currently owned by a thread: None

Heap:
 PSYoungGen      total 38400K, used 13408K [0x00000000eab00000, 0x00000000ed580000, 0x0000000100000000)
  eden space 33280K, 24% used [0x00000000eab00000,0x00000000eb31b3a0,0x00000000ecb80000)
  from space 5120K, 99% used [0x00000000ecb80000,0x00000000ed07ccd0,0x00000000ed080000)
  to   space 5120K, 0% used [0x00000000ed080000,0x00000000ed080000,0x00000000ed580000)
 ParOldGen       total 87552K, used 41127K [0x00000000c0000000, 0x00000000c5580000, 0x00000000eab00000)
  object space 87552K, 46% used [0x00000000c0000000,0x00000000c2829c30,0x00000000c5580000)
 Metaspace       used 16785K, capacity 17042K, committed 17152K, reserved 1064960K
  class space    used 1893K, capacity 1973K, committed 2048K, reserved 1048576K

Card table byte_map: [0x0000000012700000,0x0000000012910000] byte_map_base: 0x0000000012100000

Marking Bits: (ParMarkBitMap*) 0x0000000077104040
 Begin Bits: [0x0000000013270000, 0x0000000014270000)
 End Bits:   [0x0000000014270000, 0x0000000015270000)

Polling page: 0x0000000002bc0000

CodeCache: size=245760Kb used=9222Kb max_used=9274Kb free=236537Kb
 bounds [0x0000000003340000, 0x0000000003d00000, 0x0000000012340000]
 total_blobs=2802 nmethods=2409 adapters=305
 compilation: enabled

Compilation events (10 events):
Event: 6.810 Thread 0x0000000017eb8800 nmethod 2859 0x00000000038b3d90 code [0x00000000038b3ee0, 0x00000000038b3ff0]
Event: 6.810 Thread 0x0000000017eb8800 2861       1       org.mozilla.javascript.ast.FunctionNode::requiresActivation (5 bytes)
Event: 6.810 Thread 0x0000000017eb8800 nmethod 2861 0x0000000003795b50 code [0x0000000003795ca0, 0x0000000003795db0]
Event: 6.816 Thread 0x0000000017eb8800 2865       3       org.mozilla.javascript.Interpreter::getIndex (21 bytes)
Event: 6.816 Thread 0x0000000017eb8800 nmethod 2865 0x0000000003773ed0 code [0x0000000003774020, 0x00000000037741b0]
Event: 6.816 Thread 0x0000000017eb8800 2866       3       com.sencha.util.JavaScriptHost$DebugFrameImpl::onLineChange (16 bytes)
Event: 6.816 Thread 0x0000000017eb8800 nmethod 2866 0x00000000037957d0 code [0x0000000003795920, 0x0000000003795ab0]
Event: 6.829 Thread 0x0000000017eb8800 2867       3       org.mozilla.javascript.ImporterTopLevel::has (27 bytes)
Event: 6.829 Thread 0x0000000017eb8800 nmethod 2867 0x0000000003521750 code [0x00000000035218c0, 0x0000000003521b58]
Event: 6.832 Thread 0x0000000017eb8800 2868   !   3       org.mozilla.javascript.Interpreter::interpretLoop (6331 bytes)

GC Heap History (10 events):
Event: 5.665 GC heap before
{Heap before GC invocations=3 (full 0):
 PSYoungGen      total 38400K, used 38398K [0x00000000eab00000, 0x00000000ed580000, 0x0000000100000000)
  eden space 33280K, 100% used [0x00000000eab00000,0x00000000ecb80000,0x00000000ecb80000)
  from space 5120K, 99% used [0x00000000ed080000,0x00000000ed57fa50,0x00000000ed580000)
  to   space 5120K, 0% used [0x00000000ecb80000,0x00000000ecb80000,0x00000000ed080000)
 ParOldGen       total 87552K, used 6111K [0x00000000c0000000, 0x00000000c5580000, 0x00000000eab00000)
  object space 87552K, 6% used [0x00000000c0000000,0x00000000c05f7f18,0x00000000c5580000)
 Metaspace       used 15565K, capacity 15802K, committed 16000K, reserved 1062912K
  class space    used 1801K, capacity 1857K, committed 1920K, reserved 1048576K
Event: 5.673 GC heap after
Heap after GC invocations=3 (full 0):
 PSYoungGen      total 38400K, used 5117K [0x00000000eab00000, 0x00000000ed580000, 0x0000000100000000)
  eden space 33280K, 0% used [0x00000000eab00000,0x00000000eab00000,0x00000000ecb80000)
  from space 5120K, 99% used [0x00000000ecb80000,0x00000000ed07f7b0,0x00000000ed080000)
  to   space 5120K, 0% used [0x00000000ed080000,0x00000000ed080000,0x00000000ed580000)
 ParOldGen       total 87552K, used 11851K [0x00000000c0000000, 0x00000000c5580000, 0x00000000eab00000)
  object space 87552K, 13% used [0x00000000c0000000,0x00000000c0b92d40,0x00000000c5580000)
 Metaspace       used 15565K, capacity 15802K, committed 16000K, reserved 1062912K
  class space    used 1801K, capacity 1857K, committed 1920K, reserved 1048576K
}
Event: 5.865 GC heap before
{Heap before GC invocations=4 (full 0):
 PSYoungGen      total 38400K, used 38397K [0x00000000eab00000, 0x00000000ed580000, 0x0000000100000000)
  eden space 33280K, 100% used [0x00000000eab00000,0x00000000ecb80000,0x00000000ecb80000)
  from space 5120K, 99% used [0x00000000ecb80000,0x00000000ed07f7b0,0x00000000ed080000)
  to   space 5120K, 0% used [0x00000000ed080000,0x00000000ed080000,0x00000000ed580000)
 ParOldGen       total 87552K, used 11851K [0x00000000c0000000, 0x00000000c5580000, 0x00000000eab00000)
  object space 87552K, 13% used [0x00000000c0000000,0x00000000c0b92d40,0x00000000c5580000)
 Metaspace       used 15677K, capacity 15936K, committed 16256K, reserved 1062912K
  class space    used 1802K, capacity 1858K, committed 1920K, reserved 1048576K
Event: 5.873 GC heap after
Heap after GC invocations=4 (full 0):
 PSYoungGen      total 38400K, used 5101K [0x00000000eab00000, 0x00000000ed580000, 0x0000000100000000)
  eden space 33280K, 0% used [0x00000000eab00000,0x00000000eab00000,0x00000000ecb80000)
  from space 5120K, 99% used [0x00000000ed080000,0x00000000ed57b4d0,0x00000000ed580000)
  to   space 5120K, 0% used [0x00000000ecb80000,0x00000000ecb80000,0x00000000ed080000)
 ParOldGen       total 87552K, used 17622K [0x00000000c0000000, 0x00000000c5580000, 0x00000000eab00000)
  object space 87552K, 20% used [0x00000000c0000000,0x00000000c1135b28,0x00000000c5580000)
 Metaspace       used 15677K, capacity 15936K, committed 16256K, reserved 1062912K
  class space    used 1802K, capacity 1858K, committed 1920K, reserved 1048576K
}
Event: 6.072 GC heap before
{Heap before GC invocations=5 (full 0):
 PSYoungGen      total 38400K, used 38381K [0x00000000eab00000, 0x00000000ed580000, 0x0000000100000000)
  eden space 33280K, 100% used [0x00000000eab00000,0x00000000ecb80000,0x00000000ecb80000)
  from space 5120K, 99% used [0x00000000ed080000,0x00000000ed57b4d0,0x00000000ed580000)
  to   space 5120K, 0% used [0x00000000ecb80000,0x00000000ecb80000,0x00000000ed080000)
 ParOldGen       total 87552K, used 17622K [0x00000000c0000000, 0x00000000c5580000, 0x00000000eab00000)
  object space 87552K, 20% used [0x00000000c0000000,0x00000000c1135b28,0x00000000c5580000)
 Metaspace       used 15842K, capacity 16100K, committed 16256K, reserved 1062912K
  class space    used 1807K, capacity 1864K, committed 1920K, reserved 1048576K
Event: 6.085 GC heap after
Heap after GC invocations=5 (full 0):
 PSYoungGen      total 38400K, used 5100K [0x00000000eab00000, 0x00000000ed580000, 0x0000000100000000)
  eden space 33280K, 0% used [0x00000000eab00000,0x00000000eab00000,0x00000000ecb80000)
  from space 5120K, 99% used [0x00000000ecb80000,0x00000000ed07b1f0,0x00000000ed080000)
  to   space 5120K, 0% used [0x00000000ed080000,0x00000000ed080000,0x00000000ed580000)
 ParOldGen       total 87552K, used 26534K [0x00000000c0000000, 0x00000000c5580000, 0x00000000eab00000)
  object space 87552K, 30% used [0x00000000c0000000,0x00000000c19e9898,0x00000000c5580000)
 Metaspace       used 15842K, capacity 16100K, committed 16256K, reserved 1062912K
  class space    used 1807K, capacity 1864K, committed 1920K, reserved 1048576K
}
Event: 6.278 GC heap before
{Heap before GC invocations=6 (full 0):
 PSYoungGen      total 38400K, used 38380K [0x00000000eab00000, 0x00000000ed580000, 0x0000000100000000)
  eden space 33280K, 100% used [0x00000000eab00000,0x00000000ecb80000,0x00000000ecb80000)
  from space 5120K, 99% used [0x00000000ecb80000,0x00000000ed07b1f0,0x00000000ed080000)
  to   space 5120K, 0% used [0x00000000ed080000,0x00000000ed080000,0x00000000ed580000)
 ParOldGen       total 87552K, used 26534K [0x00000000c0000000, 0x00000000c5580000, 0x00000000eab00000)
  object space 87552K, 30% used [0x00000000c0000000,0x00000000c19e9898,0x00000000c5580000)
 Metaspace       used 15997K, capacity 16252K, committed 16512K, reserved 1064960K
  class space    used 1809K, capacity 1868K, committed 1920K, reserved 1048576K
Event: 6.292 GC heap after
Heap after GC invocations=6 (full 0):
 PSYoungGen      total 38400K, used 5099K [0x00000000eab00000, 0x00000000ed580000, 0x0000000100000000)
  eden space 33280K, 0% used [0x00000000eab00000,0x00000000eab00000,0x00000000ecb80000)
  from space 5120K, 99% used [0x00000000ed080000,0x00000000ed57ac00,0x00000000ed580000)
  to   space 5120K, 0% used [0x00000000ecb80000,0x00000000ecb80000,0x00000000ed080000)
 ParOldGen       total 87552K, used 35189K [0x00000000c0000000, 0x00000000c5580000, 0x00000000eab00000)
  object space 87552K, 40% used [0x00000000c0000000,0x00000000c225d6e0,0x00000000c5580000)
 Metaspace       used 15997K, capacity 16252K, committed 16512K, reserved 1064960K
  class space    used 1809K, capacity 1868K, committed 1920K, reserved 1048576K
}
Event: 6.791 GC heap before
{Heap before GC invocations=7 (full 0):
 PSYoungGen      total 38400K, used 38379K [0x00000000eab00000, 0x00000000ed580000, 0x0000000100000000)
  eden space 33280K, 100% used [0x00000000eab00000,0x00000000ecb80000,0x00000000ecb80000)
  from space 5120K, 99% used [0x00000000ed080000,0x00000000ed57ac00,0x00000000ed580000)
  to   space 5120K, 0% used [0x00000000ecb80000,0x00000000ecb80000,0x00000000ed080000)
 ParOldGen       total 87552K, used 35189K [0x00000000c0000000, 0x00000000c5580000, 0x00000000eab00000)
  object space 87552K, 40% used [0x00000000c0000000,0x00000000c225d6e0,0x00000000c5580000)
 Metaspace       used 16672K, capacity 16978K, committed 17152K, reserved 1064960K
  class space    used 1892K, capacity 1973K, committed 2048K, reserved 1048576K
Event: 6.803 GC heap after
Heap after GC invocations=7 (full 0):
 PSYoungGen      total 38400K, used 5107K [0x00000000eab00000, 0x00000000ed580000, 0x0000000100000000)
  eden space 33280K, 0% used [0x00000000eab00000,0x00000000eab00000,0x00000000ecb80000)
  from space 5120K, 99% used [0x00000000ecb80000,0x00000000ed07ccd0,0x00000000ed080000)
  to   space 5120K, 0% used [0x00000000ed080000,0x00000000ed080000,0x00000000ed580000)
 ParOldGen       total 87552K, used 41127K [0x00000000c0000000, 0x00000000c5580000, 0x00000000eab00000)
  object space 87552K, 46% used [0x00000000c0000000,0x00000000c2829c30,0x00000000c5580000)
 Metaspace       used 16672K, capacity 16978K, committed 17152K, reserved 1064960K
  class space    used 1892K, capacity 1973K, committed 2048K, reserved 1048576K
}

Deoptimization events (10 events):
Event: 6.683 Thread 0x000000000323e800 Uncommon trap: reason=class_check action=maybe_recompile pc=0x0000000003707914 method=java.util.HashMap.putVal(ILjava/lang/Object;Ljava/lang/Object;ZZ)Ljava/lang/Object; @ 203
Event: 6.684 Thread 0x000000000323e800 Uncommon trap: reason=bimorphic action=maybe_recompile pc=0x000000000373ad5c method=java.lang.StringCoding$StringDecoder.charsetName()Ljava/lang/String; @ 17
Event: 6.769 Thread 0x000000000323e800 Uncommon trap: reason=unstable_if action=reinterpret pc=0x0000000003b1d690 method=org.mozilla.javascript.ScriptableObject.putImpl(Ljava/lang/String;ILorg/mozilla/javascript/Scriptable;Ljava/lang/Object;)Z @ 2
Event: 6.770 Thread 0x000000000323e800 Uncommon trap: reason=unstable_if action=reinterpret pc=0x0000000003c37e74 method=org.mozilla.javascript.ScriptableObject.put(Ljava/lang/String;Lorg/mozilla/javascript/Scriptable;Ljava/lang/Object;)V @ 8
Event: 6.773 Thread 0x000000000323e800 Uncommon trap: reason=bimorphic action=maybe_recompile pc=0x0000000003b47c8c method=org.mozilla.javascript.ScriptableObject.putImpl(Ljava/lang/String;ILorg/mozilla/javascript/Scriptable;Ljava/lang/Object;)Z @ 72
Event: 6.776 Thread 0x000000000323e800 Uncommon trap: reason=unstable_if action=reinterpret pc=0x0000000003484d50 method=org.mozilla.javascript.BaseFunction.findInstanceIdInfo(Ljava/lang/String;)I @ 123
Event: 6.833 Thread 0x000000000323e800 Uncommon trap: reason=unstable_if action=reinterpret pc=0x0000000003b47a84 method=org.mozilla.javascript.IdScriptableObject.put(Ljava/lang/String;Lorg/mozilla/javascript/Scriptable;Ljava/lang/Object;)V @ 9
Event: 6.833 Thread 0x000000000323e800 Uncommon trap: reason=class_check action=maybe_recompile pc=0x000000000398f14c method=org.mozilla.javascript.TopLevel.getBuiltinCtor(Lorg/mozilla/javascript/TopLevel$Builtins;)Lorg/mozilla/javascript/BaseFunction; @ 15
Event: 6.833 Thread 0x000000000323e800 Uncommon trap: reason=class_check action=maybe_recompile pc=0x000000000398f14c method=org.mozilla.javascript.TopLevel.getBuiltinCtor(Lorg/mozilla/javascript/TopLevel$Builtins;)Lorg/mozilla/javascript/BaseFunction; @ 15
Event: 6.856 Thread 0x000000000323e800 Uncommon trap: reason=unstable_if action=reinterpret pc=0x00000000038ddaf0 method=java.util.regex.Pattern$Caret.match(Ljava/util/regex/Matcher;ILjava/lang/CharSequence;)Z @ 44

Internal exceptions (10 events):
Event: 3.814 Thread 0x000000000323e800 Exception <a 'java/lang/ClassNotFoundException': com/sencha/command/BasePluginCommands$BaseNamePathCommandCustomizer> (0x00000000ec79c1d0) thrown at [C:\re\workspace\8-2-build-windows-amd64-cygwin\jdk8u45\3457\hotspot\src\share\vm\classfile\systemDictionarBXÖ)°Ñ@
Event: 3.815 Thread 0x000000000323e800 Exception <a 'java/lang/ClassNotFoundException': com/sencha/command/generator/GeneratorCommands$AppElementGeneratorCustomizer> (0x00000000ec7b0af8) thrown at [C:\re\workspace\8-2-build-windows-amd64-cygwin\jdk8u45\3457\hotspot\src\share\vm\classfile\system98Ï˛FÖ@
Event: 3.815 Thread 0x000000000323e800 Exception <a 'java/lang/ClassNotFoundException': com/sencha/command/generator/GeneratorCommands$ViewCommandCustomizer> (0x00000000ec7c2938) thrown at [C:\re\workspace\8-2-build-windows-amd64-cygwin\jdk8u45\3457\hotspot\src\share\vm\classfile\systemDictionaáèG@
Event: 4.124 Thread 0x000000000323e800 Implicit null exception at 0x000000000372619d to 0x00000000037264cd
Event: 4.124 Thread 0x000000000323e800 Implicit null exception at 0x000000000380c1e8 to 0x000000000380da6d
Event: 6.120 Thread 0x0000000019b74000 Implicit null exception at 0x000000000348b06f to 0x000000000348d1a5
Event: 6.328 Thread 0x0000000019b73800 Implicit null exception at 0x0000000003847ea2 to 0x000000000384837d
Event: 6.328 Thread 0x0000000019b73800 Implicit null exception at 0x0000000003543456 to 0x0000000003543781
Event: 6.334 Thread 0x0000000019b73800 Exception <a 'java/lang/ClassNotFoundException': org/apache/tools/ant/helper/DefaultExecutor> (0x00000000eaeb95a8) thrown at [C:\re\workspace\8-2-build-windows-amd64-cygwin\jdk8u45\3457\hotspot\src\share\vm\classfile\systemDictionary.cpp, line 210]
Event: 6.571 Thread 0x000000000323e800 Exception <a 'java/lang/ClassNotFoundException': org/apache/tools/ant/helper/DefaultExecutor> (0x00000000ebfdf030) thrown at [C:\re\workspace\8-2-build-windows-amd64-cygwin\jdk8u45\3457\hotspot\src\share\vm\classfile\systemDictionary.cpp, line 210]

Events (10 events):
Event: 6.835 loading class com/sencha/util/filters/Github done
Event: 6.835 loading class com/sencha/exceptions/Github
Event: 6.835 loading class com/sencha/exceptions/Github done
Event: 6.835 loading class com/sencha/command/Github
Event: 6.835 loading class com/sencha/command/Github done
Event: 6.835 loading class com/sencha/tools/generator/Github
Event: 6.835 loading class com/sencha/tools/generator/Github done
Event: 6.856 Thread 0x000000000323e800 Uncommon trap: trap_request=0xffffff65 fr.pc=0x00000000038ddaf0
Event: 6.856 Thread 0x000000000323e800 DEOPT PACKING pc=0x00000000038ddaf0 sp=0x0000000000bfc5d0
Event: 6.856 Thread 0x000000000323e800 DEOPT UNPACKING pc=0x000000000338582a sp=0x0000000000bfc588 mode 2


Dynamic libraries:
0x00007ff7ccc20000 - 0x00007ff7ccc94000 	D:\tools\developt\sencha cmd\sencha.exe
0x00007ffc08e60000 - 0x00007ffc09041000 	C:\WINDOWS\SYSTEM32\ntdll.dll
0x00007ffc06400000 - 0x00007ffc064b2000 	C:\WINDOWS\System32\KERNEL32.DLL
0x00007ffc05960000 - 0x00007ffc05bd3000 	C:\WINDOWS\System32\KERNELBASE.dll
0x00007ffc06610000 - 0x00007ffc067a0000 	C:\WINDOWS\System32\USER32.dll
0x00007ffc058a0000 - 0x00007ffc058c0000 	C:\WINDOWS\System32\win32u.dll
0x00007ffc08c40000 - 0x00007ffc08c68000 	C:\WINDOWS\System32\GDI32.dll
0x00007ffc05230000 - 0x00007ffc053c2000 	C:\WINDOWS\System32\gdi32full.dll
0x00007ffc058c0000 - 0x00007ffc0595f000 	C:\WINDOWS\System32\msvcp_win.dll
0x00007ffc05670000 - 0x00007ffc0576a000 	C:\WINDOWS\System32\ucrtbase.dll
0x00007ffc08d60000 - 0x00007ffc08e01000 	C:\WINDOWS\System32\ADVAPI32.dll
0x00007ffc06300000 - 0x00007ffc0639e000 	C:\WINDOWS\System32\msvcrt.dll
0x00007ffc063a0000 - 0x00007ffc063fb000 	C:\WINDOWS\System32\sechost.dll
0x00007ffc08a20000 - 0x00007ffc08b44000 	C:\WINDOWS\System32\RPCRT4.dll
0x00007ffc08bb0000 - 0x00007ffc08bdd000 	C:\WINDOWS\System32\IMM32.DLL
0x00007ffbf7200000 - 0x00007ffbf7469000 	C:\WINDOWS\WinSxS\amd64_microsoft.windows.common-controls_6595b64144ccf1df_6.0.17134.472_none_fb3f9af53068156d\comctl32.dll
0x00007ffc067a0000 - 0x00007ffc06ac2000 	C:\WINDOWS\System32\combase.dll
0x00007ffc05770000 - 0x00007ffc057ea000 	C:\WINDOWS\System32\bcryptPrimitives.dll
0x0000000076900000 - 0x0000000077183000 	d:\tools\developt\sencha cmd\jre\bin\server\jvm.dll
0x00007ffc064c0000 - 0x00007ffc064c8000 	C:\WINDOWS\System32\PSAPI.DLL
0x00007ffbf8b90000 - 0x00007ffbf8b9a000 	C:\WINDOWS\SYSTEM32\VERSION.dll
0x00007ffc00b50000 - 0x00007ffc00b73000 	C:\WINDOWS\SYSTEM32\WINMM.dll
0x00007ffbf1b30000 - 0x00007ffbf1b39000 	C:\WINDOWS\SYSTEM32\WSOCK32.dll
0x0000000050b70000 - 0x0000000050c42000 	C:\WINDOWS\SYSTEM32\MSVCR100.dll
0x00007ffc065a0000 - 0x00007ffc0660c000 	C:\WINDOWS\System32\WS2_32.dll
0x00007ffc00b20000 - 0x00007ffc00b4a000 	C:\WINDOWS\SYSTEM32\WINMMBASE.dll
0x00007ffc057f0000 - 0x00007ffc05839000 	C:\WINDOWS\System32\cfgmgr32.dll
0x0000000051210000 - 0x000000005121f000 	d:\tools\developt\sencha cmd\jre\bin\verify.dll
0x00000000511e0000 - 0x0000000051209000 	d:\tools\developt\sencha cmd\jre\bin\java.dll
0x0000000050b50000 - 0x0000000050b66000 	d:\tools\developt\sencha cmd\jre\bin\zip.dll
0x00007ffc06d90000 - 0x00007ffc081d0000 	C:\WINDOWS\System32\SHELL32.dll
0x00007ffc06ce0000 - 0x00007ffc06d89000 	C:\WINDOWS\System32\shcore.dll
0x00007ffc05be0000 - 0x00007ffc062ed000 	C:\WINDOWS\System32\windows.storage.dll
0x00007ffc06ae0000 - 0x00007ffc06b31000 	C:\WINDOWS\System32\shlwapi.dll
0x00007ffc05200000 - 0x00007ffc05211000 	C:\WINDOWS\System32\kernel.appcore.dll
0x00007ffc05190000 - 0x00007ffc051af000 	C:\WINDOWS\System32\profapi.dll
0x00007ffc051b0000 - 0x00007ffc051fc000 	C:\WINDOWS\System32\powrprof.dll
0x00007ffc05220000 - 0x00007ffc0522a000 	C:\WINDOWS\System32\FLTLIB.DLL
0x0000000180000000 - 0x000000018002e000 	D:\tools\developt\sencha cmd\.install4j\i4jinst.dll
0x00007ffc08350000 - 0x00007ffc084a1000 	C:\WINDOWS\System32\ole32.dll
0x00007ffc064d0000 - 0x00007ffc06592000 	C:\WINDOWS\System32\OLEAUT32.dll
0x00000000511d0000 - 0x00000000511dd000 	D:\tools\developt\sencha cmd\jre\bin\management.dll
0x00007ffc00fc0000 - 0x00007ffc00fc9000 	C:\Users\enixl\AppData\Local\Temp\jansi-64-1.9.dll
0x0000000050aa0000 - 0x0000000050b43000 	C:\WINDOWS\WinSxS\amd64_microsoft.vc90.crt_1fc8b3b9a1e18e3b_9.0.30729.9415_none_08e0c10ba840a28a\MSVCR90.dll
0x00000000504e0000 - 0x00000000504fa000 	D:\tools\developt\sencha cmd\jre\bin\net.dll
0x00007ffc049f0000 - 0x00007ffc04a56000 	C:\WINDOWS\system32\mswsock.dll
0x00000000504c0000 - 0x00000000504d1000 	D:\tools\developt\sencha cmd\jre\bin\nio.dll
0x00007ffc047b0000 - 0x00007ffc0486e000 	C:\WINDOWS\SYSTEM32\DNSAPI.dll
0x00007ffc06ad0000 - 0x00007ffc06ad8000 	C:\WINDOWS\System32\NSI.dll
0x00007ffc04770000 - 0x00007ffc047a8000 	C:\WINDOWS\SYSTEM32\IPHLPAPI.DLL
0x00007ffbf71e0000 - 0x00007ffbf71ea000 	C:\Windows\System32\rasadhlp.dll
0x00007ffbf7af0000 - 0x00007ffbf7b62000 	C:\WINDOWS\System32\fwpuclnt.dll
0x00007ffc04cd0000 - 0x00007ffc04cf5000 	C:\WINDOWS\SYSTEM32\bcrypt.dll
0x00007ffc03bc0000 - 0x00007ffc03d89000 	C:\WINDOWS\SYSTEM32\dbghelp.dll

VM Arguments:
jvm_args: -Dexe4j.semaphoreName=Local\d:_tools_developt_sencha_cmd_sencha.exe0 -Dexe4j.isInstall4j=true -Dexe4j.moduleName=D:\tools\developt\sencha cmd\sencha.exe -Dexe4j.tempDir= -Dexe4j.unextractedPosition=0 -Djava.library.path=C:\Program Files (x86)\Intel\Intel(R) Management Engine Components\iCLS\;C:\Program Files\Intel\Intel(R) Management Engine Components\iCLS\;C:\Windows\system32;C:\Windows;C:\Windows\System32\Wbem;C:\Windows\System32\WindowsPowerShell\v1.0\;C:\Program Files (x86)\Intel\Intel(R) Management Engine Components\DAL;C:\Program Files\Intel\Intel(R) Management Engine Components\DAL;C:\Program Files (x86)\Intel\Intel(R) Management Engine Components\IPT;C:\Program Files\Intel\Intel(R) Management Engine Components\IPT;C:\Program Files (x86)\NVIDIA Corporation\PhysX\Common;C:\Program Files\Intel\WiFi\bin\;C:\Program Files\Common Files\Intel\WirelessCommon\;D:\tools\developt\jdk\jdk1.8\BIN;D:\server\mysql-5.7.22-winx64\BIN;D:\tools\developt\Git\BIN;D:\tools\developt\gradle-4.9\BIN;D:\tools\developt\sencha cmd;D:\server\nodejs\BIN;D:\server\nodejs;D:\server\nodejs\;D:\server\httpd-2.4.34-o102o-x64-vc14\Apache24\bin;C:\WINDOWS\system32;C:\WINDOWS;C:\WINDOWS\System32\Wbem;C:\WINDOWS\System32\WindowsPowerShell\v1.0\;C:\WINDOWS\System32\OpenSSH\;C:\Program Files\Git\cmd;D:\tools\developt\Microsoft VS Code\bin;C:\Users\enixl\AppData\Local\Microsoft\WindowsApps;C:\Users\enixl\AppData\Roaming\npm;d:\tools\developt\sencha cmd\jre\bin -Dexe4j.consoleCodepage=cp936 -Dinstall4j.launcherId=159 -Dinstall4j.swt=false -Xms128m -Xmx1024m -Dapple.awt.UIElement=true 
java_command: D:\tools\developt\sencha cmd\sencha.exe
java_class_path (initial): D:\tools\developt\sencha cmd\.install4j\i4jruntime.jar;D:\tools\developt\sencha cmd\.\sencha.jar
Launcher Type: generic

Environment Variables:
JAVA_HOME=D:\tools\developt\jdk\jdk1.8
PATH=C:\Program Files (x86)\Intel\Intel(R) Management Engine Components\iCLS\;C:\Program Files\Intel\Intel(R) Management Engine Components\iCLS\;C:\Windows\system32;C:\Windows;C:\Windows\System32\Wbem;C:\Windows\System32\WindowsPowerShell\v1.0\;C:\Program Files (x86)\Intel\Intel(R) Management Engine Components\DAL;C:\Program Files\Intel\Intel(R) Management Engine Components\DAL;C:\Program Files (x86)\Intel\Intel(R) Management Engine Components\IPT;C:\Program Files\Intel\Intel(R) Management Engine Components\IPT;C:\Program Files (x86)\NVIDIA Corporation\PhysX\Common;C:\Program Files\Intel\WiFi\bin\;C:\Program Files\Common Files\Intel\WirelessCommon\;D:\tools\developt\jdk\jdk1.8\BIN;D:\server\mysql-5.7.22-winx64\BIN;D:\tools\developt\Git\BIN;D:\tools\developt\gradle-4.9\BIN;D:\tools\developt\sencha cmd;D:\server\nodejs\BIN;D:\server\nodejs;D:\server\nodejs\;D:\server\httpd-2.4.34-o102o-x64-vc14\Apache24\bin;C:\WINDOWS\system32;C:\WINDOWS;C:\WINDOWS\System32\Wbem;C:\WINDOWS\System32\WindowsPowerShell\v1.0\;C:\WINDOWS\System32\OpenSSH\;C:\Program Files\Git\cmd;D:\tools\developt\Microsoft VS Code\bin;C:\Users\enixl\AppData\Local\Microsoft\WindowsApps;C:\Users\enixl\AppData\Roaming\npm;d:\tools\developt\sencha cmd\jre\bin
USERNAME=linzhenhuan
OS=Windows_NT
PROCESSOR_IDENTIFIER=Intel64 Family 6 Model 142 Stepping 10, GenuineIntel



---------------  S Y S T E M  ---------------

OS: Windows 10.0 , 64 bit Build 17134 (10.0.17134.1)

CPU:total 8 (4 cores per cpu, 2 threads per core) family 6 model 142 stepping 10, cmov, cx8, fxsr, mmx, sse, sse2, sse3, ssse3, sse4.1, sse4.2, popcnt, avx, avx2, aes, clmul, erms, 3dnowpref, lzcnt, ht, tsc, tscinvbit, bmi1, bmi2, adx

Memory: 4k page, physical 8268520k(1917188k free), swap 8268520k(5748k free)

vm_info: Java HotSpot(TM) 64-Bit Server VM (25.45-b02) for windows-amd64 JRE (1.8.0_45-b14), built on Apr 10 2015 10:34:15 by "java_re" with MS VC++ 10.0 (VS2010)

time: Thu Jan 10 21:20:51 2019
elapsed time: 6 seconds (0d 0h 0m 6s)

